<?xml version="1.0" encoding="UTF-8"?>
<testsuite xmlns:xsi="http://www.w3.org/2001/XMLSchema-instance" xsi:noNamespaceSchemaLocation="https://maven.apache.org/surefire/maven-surefire-plugin/xsd/surefire-test-report-3.0.xsd" version="3.0" name="com.gpt.meetingnotes.summary.controller.TestWebControllerTest" time="0.064" tests="5" errors="0" skipped="0" failures="3">
  <properties>
    <property name="sun.desktop" value="windows"/>
    <property name="awt.toolkit" value="sun.awt.windows.WToolkit"/>
    <property name="file.encoding.pkg" value="sun.io"/>
    <property name="java.specification.version" value="1.8"/>
    <property name="sun.cpu.isalist" value="amd64"/>
    <property name="sun.jnu.encoding" value="MS949"/>
    <property name="java.class.path" value="C:\Users\User\git\gpt-meeting-summary\gpt-meeting-summary\target\test-classes;C:\Users\User\git\gpt-meeting-summary\gpt-meeting-summary\target\classes;C:\Users\User\.m2\repository\org\springframework\spring-context\5.3.39\spring-context-5.3.39.jar;C:\Users\User\.m2\repository\org\springframework\spring-aop\5.3.39\spring-aop-5.3.39.jar;C:\Users\User\.m2\repository\org\springframework\spring-beans\5.3.39\spring-beans-5.3.39.jar;C:\Users\User\.m2\repository\org\springframework\spring-core\5.3.39\spring-core-5.3.39.jar;C:\Users\User\.m2\repository\org\springframework\spring-jcl\5.3.39\spring-jcl-5.3.39.jar;C:\Users\User\.m2\repository\org\springframework\spring-expression\5.3.39\spring-expression-5.3.39.jar;C:\Users\User\.m2\repository\org\springframework\spring-webmvc\5.3.39\spring-webmvc-5.3.39.jar;C:\Users\User\.m2\repository\org\springframework\spring-web\5.3.39\spring-web-5.3.39.jar;C:\Users\User\.m2\repository\org\springframework\security\spring-security-web\5.7.10\spring-security-web-5.7.10.jar;C:\Users\User\.m2\repository\org\springframework\security\spring-security-core\5.7.10\spring-security-core-5.7.10.jar;C:\Users\User\.m2\repository\org\springframework\security\spring-security-crypto\5.7.10\spring-security-crypto-5.7.10.jar;C:\Users\User\.m2\repository\org\springframework\security\spring-security-config\5.7.10\spring-security-config-5.7.10.jar;C:\Users\User\.m2\repository\io\springfox\springfox-boot-starter\3.0.0\springfox-boot-starter-3.0.0.jar;C:\Users\User\.m2\repository\io\springfox\springfox-oas\3.0.0\springfox-oas-3.0.0.jar;C:\Users\User\.m2\repository\io\swagger\core\v3\swagger-annotations\2.1.2\swagger-annotations-2.1.2.jar;C:\Users\User\.m2\repository\io\swagger\core\v3\swagger-models\2.1.2\swagger-models-2.1.2.jar;C:\Users\User\.m2\repository\io\springfox\springfox-spi\3.0.0\springfox-spi-3.0.0.jar;C:\Users\User\.m2\repository\io\springfox\springfox-schema\3.0.0\springfox-schema-3.0.0.jar;C:\Users\User\.m2\repository\io\springfox\springfox-core\3.0.0\springfox-core-3.0.0.jar;C:\Users\User\.m2\repository\io\springfox\springfox-spring-web\3.0.0\springfox-spring-web-3.0.0.jar;C:\Users\User\.m2\repository\io\github\classgraph\classgraph\4.8.83\classgraph-4.8.83.jar;C:\Users\User\.m2\repository\io\springfox\springfox-spring-webmvc\3.0.0\springfox-spring-webmvc-3.0.0.jar;C:\Users\User\.m2\repository\io\springfox\springfox-spring-webflux\3.0.0\springfox-spring-webflux-3.0.0.jar;C:\Users\User\.m2\repository\io\springfox\springfox-swagger-common\3.0.0\springfox-swagger-common-3.0.0.jar;C:\Users\User\.m2\repository\org\mapstruct\mapstruct\1.3.1.Final\mapstruct-1.3.1.Final.jar;C:\Users\User\.m2\repository\io\springfox\springfox-data-rest\3.0.0\springfox-data-rest-3.0.0.jar;C:\Users\User\.m2\repository\io\springfox\springfox-bean-validators\3.0.0\springfox-bean-validators-3.0.0.jar;C:\Users\User\.m2\repository\io\springfox\springfox-swagger2\3.0.0\springfox-swagger2-3.0.0.jar;C:\Users\User\.m2\repository\io\swagger\swagger-annotations\1.5.20\swagger-annotations-1.5.20.jar;C:\Users\User\.m2\repository\io\swagger\swagger-models\1.5.20\swagger-models-1.5.20.jar;C:\Users\User\.m2\repository\io\springfox\springfox-swagger-ui\3.0.0\springfox-swagger-ui-3.0.0.jar;C:\Users\User\.m2\repository\com\fasterxml\classmate\1.5.1\classmate-1.5.1.jar;C:\Users\User\.m2\repository\org\springframework\plugin\spring-plugin-core\2.0.0.RELEASE\spring-plugin-core-2.0.0.RELEASE.jar;C:\Users\User\.m2\repository\org\springframework\plugin\spring-plugin-metadata\2.0.0.RELEASE\spring-plugin-metadata-2.0.0.RELEASE.jar;C:\Users\User\.m2\repository\org\aspectj\aspectjrt\1.9.21\aspectjrt-1.9.21.jar;C:\Users\User\.m2\repository\org\aspectj\aspectjweaver\1.9.21\aspectjweaver-1.9.21.jar;C:\Users\User\.m2\repository\org\slf4j\slf4j-api\1.7.36\slf4j-api-1.7.36.jar;C:\Users\User\.m2\repository\org\apache\logging\log4j\log4j-core\2.20.0\log4j-core-2.20.0.jar;C:\Users\User\.m2\repository\org\apache\logging\log4j\log4j-api\2.20.0\log4j-api-2.20.0.jar;C:\Users\User\.m2\repository\org\apache\logging\log4j\log4j-slf4j-impl\2.20.0\log4j-slf4j-impl-2.20.0.jar;C:\Users\User\.m2\repository\javax\inject\javax.inject\1\javax.inject-1.jar;C:\Users\User\.m2\repository\javax\servlet\javax.servlet-api\3.1.0\javax.servlet-api-3.1.0.jar;C:\Users\User\.m2\repository\javax\servlet\jsp\jsp-api\2.2\jsp-api-2.2.jar;C:\Users\User\.m2\repository\javax\servlet\jstl\1.2\jstl-1.2.jar;C:\Users\User\.m2\repository\org\apache\poi\poi\5.2.3\poi-5.2.3.jar;C:\Users\User\.m2\repository\commons-codec\commons-codec\1.15\commons-codec-1.15.jar;C:\Users\User\.m2\repository\org\apache\commons\commons-collections4\4.4\commons-collections4-4.4.jar;C:\Users\User\.m2\repository\org\apache\commons\commons-math3\3.6.1\commons-math3-3.6.1.jar;C:\Users\User\.m2\repository\commons-io\commons-io\2.11.0\commons-io-2.11.0.jar;C:\Users\User\.m2\repository\com\zaxxer\SparseBitSet\1.2\SparseBitSet-1.2.jar;C:\Users\User\.m2\repository\org\apache\poi\poi-ooxml\5.2.3\poi-ooxml-5.2.3.jar;C:\Users\User\.m2\repository\org\apache\poi\poi-ooxml-lite\5.2.3\poi-ooxml-lite-5.2.3.jar;C:\Users\User\.m2\repository\org\apache\xmlbeans\xmlbeans\5.1.1\xmlbeans-5.1.1.jar;C:\Users\User\.m2\repository\xml-apis\xml-apis\1.4.01\xml-apis-1.4.01.jar;C:\Users\User\.m2\repository\org\apache\commons\commons-compress\1.21\commons-compress-1.21.jar;C:\Users\User\.m2\repository\com\github\virtuald\curvesapi\1.07\curvesapi-1.07.jar;C:\Users\User\.m2\repository\com\fasterxml\jackson\core\jackson-core\2.15.3\jackson-core-2.15.3.jar;C:\Users\User\.m2\repository\com\fasterxml\jackson\core\jackson-databind\2.15.3\jackson-databind-2.15.3.jar;C:\Users\User\.m2\repository\com\fasterxml\jackson\core\jackson-annotations\2.15.3\jackson-annotations-2.15.3.jar;C:\Users\User\.m2\repository\org\apache\commons\commons-text\1.10.0\commons-text-1.10.0.jar;C:\Users\User\.m2\repository\org\apache\commons\commons-lang3\3.12.0\commons-lang3-3.12.0.jar;C:\Users\User\.m2\repository\org\projectlombok\lombok\1.18.32\lombok-1.18.32.jar;C:\Users\User\.m2\repository\org\yaml\snakeyaml\2.0\snakeyaml-2.0.jar;C:\Users\User\.m2\repository\org\junit\jupiter\junit-jupiter\5.10.0\junit-jupiter-5.10.0.jar;C:\Users\User\.m2\repository\org\junit\jupiter\junit-jupiter-api\5.10.0\junit-jupiter-api-5.10.0.jar;C:\Users\User\.m2\repository\org\opentest4j\opentest4j\1.3.0\opentest4j-1.3.0.jar;C:\Users\User\.m2\repository\org\junit\platform\junit-platform-commons\1.10.0\junit-platform-commons-1.10.0.jar;C:\Users\User\.m2\repository\org\apiguardian\apiguardian-api\1.1.2\apiguardian-api-1.1.2.jar;C:\Users\User\.m2\repository\org\junit\jupiter\junit-jupiter-params\5.10.0\junit-jupiter-params-5.10.0.jar;C:\Users\User\.m2\repository\org\junit\jupiter\junit-jupiter-engine\5.10.0\junit-jupiter-engine-5.10.0.jar;C:\Users\User\.m2\repository\org\junit\platform\junit-platform-engine\1.10.0\junit-platform-engine-1.10.0.jar;C:\Users\User\.m2\repository\org\mockito\mockito-core\5.2.0\mockito-core-5.2.0.jar;C:\Users\User\.m2\repository\net\bytebuddy\byte-buddy\1.14.1\byte-buddy-1.14.1.jar;C:\Users\User\.m2\repository\net\bytebuddy\byte-buddy-agent\1.14.1\byte-buddy-agent-1.14.1.jar;C:\Users\User\.m2\repository\org\objenesis\objenesis\3.3\objenesis-3.3.jar;C:\Users\User\.m2\repository\org\springframework\spring-test\5.3.39\spring-test-5.3.39.jar;C:\Users\User\.m2\repository\org\hamcrest\hamcrest\2.2\hamcrest-2.2.jar;C:\Users\User\.m2\repository\org\glassfish\javax.el\3.0.0\javax.el-3.0.0.jar;C:\Users\User\.m2\repository\javax\el\javax.el-api\3.0.0\javax.el-api-3.0.0.jar;C:\Users\User\.m2\repository\com\jayway\jsonpath\json-path\2.9.0\json-path-2.9.0.jar;C:\Users\User\.m2\repository\net\minidev\json-smart\2.5.0\json-smart-2.5.0.jar;C:\Users\User\.m2\repository\net\minidev\accessors-smart\2.5.0\accessors-smart-2.5.0.jar;C:\Users\User\.m2\repository\org\ow2\asm\asm\9.3\asm-9.3.jar;C:\Users\User\.m2\repository\javax\validation\validation-api\2.0.1.Final\validation-api-2.0.1.Final.jar;C:\Users\User\.m2\repository\org\hibernate\validator\hibernate-validator\6.2.5.Final\hibernate-validator-6.2.5.Final.jar;C:\Users\User\.m2\repository\jakarta\validation\jakarta.validation-api\2.0.2\jakarta.validation-api-2.0.2.jar;C:\Users\User\.m2\repository\org\jboss\logging\jboss-logging\3.4.1.Final\jboss-logging-3.4.1.Final.jar;"/>
    <property name="java.vm.vendor" value="ojdkbuild"/>
    <property name="sun.arch.data.model" value="64"/>
    <property name="user.variant" value=""/>
    <property name="java.vendor.url" value="https://github.com/ojdkbuild"/>
    <property name="user.timezone" value="Asia/Seoul"/>
    <property name="log.level" value="${log.level}"/>
    <property name="java.vm.specification.version" value="1.8"/>
    <property name="os.name" value="Windows 10"/>
    <property name="user.country" value="KR"/>
    <property name="sun.java.launcher" value="SUN_STANDARD"/>
    <property name="sun.boot.library.path" value="C:\dev\java-1.8.0\jre\bin"/>
    <property name="sun.java.command" value="C:\Users\User\AppData\Local\Temp\surefire5479280365853064045\surefirebooter-20250722174640047_3.jar C:\Users\User\AppData\Local\Temp\surefire5479280365853064045 2025-07-22T17-46-39_906-jvmRun1 surefire-20250722174640047_1tmp surefire_0-20250722174640047_2tmp"/>
    <property name="surefire.test.class.path" value="C:\Users\User\git\gpt-meeting-summary\gpt-meeting-summary\target\test-classes;C:\Users\User\git\gpt-meeting-summary\gpt-meeting-summary\target\classes;C:\Users\User\.m2\repository\org\springframework\spring-context\5.3.39\spring-context-5.3.39.jar;C:\Users\User\.m2\repository\org\springframework\spring-aop\5.3.39\spring-aop-5.3.39.jar;C:\Users\User\.m2\repository\org\springframework\spring-beans\5.3.39\spring-beans-5.3.39.jar;C:\Users\User\.m2\repository\org\springframework\spring-core\5.3.39\spring-core-5.3.39.jar;C:\Users\User\.m2\repository\org\springframework\spring-jcl\5.3.39\spring-jcl-5.3.39.jar;C:\Users\User\.m2\repository\org\springframework\spring-expression\5.3.39\spring-expression-5.3.39.jar;C:\Users\User\.m2\repository\org\springframework\spring-webmvc\5.3.39\spring-webmvc-5.3.39.jar;C:\Users\User\.m2\repository\org\springframework\spring-web\5.3.39\spring-web-5.3.39.jar;C:\Users\User\.m2\repository\org\springframework\security\spring-security-web\5.7.10\spring-security-web-5.7.10.jar;C:\Users\User\.m2\repository\org\springframework\security\spring-security-core\5.7.10\spring-security-core-5.7.10.jar;C:\Users\User\.m2\repository\org\springframework\security\spring-security-crypto\5.7.10\spring-security-crypto-5.7.10.jar;C:\Users\User\.m2\repository\org\springframework\security\spring-security-config\5.7.10\spring-security-config-5.7.10.jar;C:\Users\User\.m2\repository\io\springfox\springfox-boot-starter\3.0.0\springfox-boot-starter-3.0.0.jar;C:\Users\User\.m2\repository\io\springfox\springfox-oas\3.0.0\springfox-oas-3.0.0.jar;C:\Users\User\.m2\repository\io\swagger\core\v3\swagger-annotations\2.1.2\swagger-annotations-2.1.2.jar;C:\Users\User\.m2\repository\io\swagger\core\v3\swagger-models\2.1.2\swagger-models-2.1.2.jar;C:\Users\User\.m2\repository\io\springfox\springfox-spi\3.0.0\springfox-spi-3.0.0.jar;C:\Users\User\.m2\repository\io\springfox\springfox-schema\3.0.0\springfox-schema-3.0.0.jar;C:\Users\User\.m2\repository\io\springfox\springfox-core\3.0.0\springfox-core-3.0.0.jar;C:\Users\User\.m2\repository\io\springfox\springfox-spring-web\3.0.0\springfox-spring-web-3.0.0.jar;C:\Users\User\.m2\repository\io\github\classgraph\classgraph\4.8.83\classgraph-4.8.83.jar;C:\Users\User\.m2\repository\io\springfox\springfox-spring-webmvc\3.0.0\springfox-spring-webmvc-3.0.0.jar;C:\Users\User\.m2\repository\io\springfox\springfox-spring-webflux\3.0.0\springfox-spring-webflux-3.0.0.jar;C:\Users\User\.m2\repository\io\springfox\springfox-swagger-common\3.0.0\springfox-swagger-common-3.0.0.jar;C:\Users\User\.m2\repository\org\mapstruct\mapstruct\1.3.1.Final\mapstruct-1.3.1.Final.jar;C:\Users\User\.m2\repository\io\springfox\springfox-data-rest\3.0.0\springfox-data-rest-3.0.0.jar;C:\Users\User\.m2\repository\io\springfox\springfox-bean-validators\3.0.0\springfox-bean-validators-3.0.0.jar;C:\Users\User\.m2\repository\io\springfox\springfox-swagger2\3.0.0\springfox-swagger2-3.0.0.jar;C:\Users\User\.m2\repository\io\swagger\swagger-annotations\1.5.20\swagger-annotations-1.5.20.jar;C:\Users\User\.m2\repository\io\swagger\swagger-models\1.5.20\swagger-models-1.5.20.jar;C:\Users\User\.m2\repository\io\springfox\springfox-swagger-ui\3.0.0\springfox-swagger-ui-3.0.0.jar;C:\Users\User\.m2\repository\com\fasterxml\classmate\1.5.1\classmate-1.5.1.jar;C:\Users\User\.m2\repository\org\springframework\plugin\spring-plugin-core\2.0.0.RELEASE\spring-plugin-core-2.0.0.RELEASE.jar;C:\Users\User\.m2\repository\org\springframework\plugin\spring-plugin-metadata\2.0.0.RELEASE\spring-plugin-metadata-2.0.0.RELEASE.jar;C:\Users\User\.m2\repository\org\aspectj\aspectjrt\1.9.21\aspectjrt-1.9.21.jar;C:\Users\User\.m2\repository\org\aspectj\aspectjweaver\1.9.21\aspectjweaver-1.9.21.jar;C:\Users\User\.m2\repository\org\slf4j\slf4j-api\1.7.36\slf4j-api-1.7.36.jar;C:\Users\User\.m2\repository\org\apache\logging\log4j\log4j-core\2.20.0\log4j-core-2.20.0.jar;C:\Users\User\.m2\repository\org\apache\logging\log4j\log4j-api\2.20.0\log4j-api-2.20.0.jar;C:\Users\User\.m2\repository\org\apache\logging\log4j\log4j-slf4j-impl\2.20.0\log4j-slf4j-impl-2.20.0.jar;C:\Users\User\.m2\repository\javax\inject\javax.inject\1\javax.inject-1.jar;C:\Users\User\.m2\repository\javax\servlet\javax.servlet-api\3.1.0\javax.servlet-api-3.1.0.jar;C:\Users\User\.m2\repository\javax\servlet\jsp\jsp-api\2.2\jsp-api-2.2.jar;C:\Users\User\.m2\repository\javax\servlet\jstl\1.2\jstl-1.2.jar;C:\Users\User\.m2\repository\org\apache\poi\poi\5.2.3\poi-5.2.3.jar;C:\Users\User\.m2\repository\commons-codec\commons-codec\1.15\commons-codec-1.15.jar;C:\Users\User\.m2\repository\org\apache\commons\commons-collections4\4.4\commons-collections4-4.4.jar;C:\Users\User\.m2\repository\org\apache\commons\commons-math3\3.6.1\commons-math3-3.6.1.jar;C:\Users\User\.m2\repository\commons-io\commons-io\2.11.0\commons-io-2.11.0.jar;C:\Users\User\.m2\repository\com\zaxxer\SparseBitSet\1.2\SparseBitSet-1.2.jar;C:\Users\User\.m2\repository\org\apache\poi\poi-ooxml\5.2.3\poi-ooxml-5.2.3.jar;C:\Users\User\.m2\repository\org\apache\poi\poi-ooxml-lite\5.2.3\poi-ooxml-lite-5.2.3.jar;C:\Users\User\.m2\repository\org\apache\xmlbeans\xmlbeans\5.1.1\xmlbeans-5.1.1.jar;C:\Users\User\.m2\repository\xml-apis\xml-apis\1.4.01\xml-apis-1.4.01.jar;C:\Users\User\.m2\repository\org\apache\commons\commons-compress\1.21\commons-compress-1.21.jar;C:\Users\User\.m2\repository\com\github\virtuald\curvesapi\1.07\curvesapi-1.07.jar;C:\Users\User\.m2\repository\com\fasterxml\jackson\core\jackson-core\2.15.3\jackson-core-2.15.3.jar;C:\Users\User\.m2\repository\com\fasterxml\jackson\core\jackson-databind\2.15.3\jackson-databind-2.15.3.jar;C:\Users\User\.m2\repository\com\fasterxml\jackson\core\jackson-annotations\2.15.3\jackson-annotations-2.15.3.jar;C:\Users\User\.m2\repository\org\apache\commons\commons-text\1.10.0\commons-text-1.10.0.jar;C:\Users\User\.m2\repository\org\apache\commons\commons-lang3\3.12.0\commons-lang3-3.12.0.jar;C:\Users\User\.m2\repository\org\projectlombok\lombok\1.18.32\lombok-1.18.32.jar;C:\Users\User\.m2\repository\org\yaml\snakeyaml\2.0\snakeyaml-2.0.jar;C:\Users\User\.m2\repository\org\junit\jupiter\junit-jupiter\5.10.0\junit-jupiter-5.10.0.jar;C:\Users\User\.m2\repository\org\junit\jupiter\junit-jupiter-api\5.10.0\junit-jupiter-api-5.10.0.jar;C:\Users\User\.m2\repository\org\opentest4j\opentest4j\1.3.0\opentest4j-1.3.0.jar;C:\Users\User\.m2\repository\org\junit\platform\junit-platform-commons\1.10.0\junit-platform-commons-1.10.0.jar;C:\Users\User\.m2\repository\org\apiguardian\apiguardian-api\1.1.2\apiguardian-api-1.1.2.jar;C:\Users\User\.m2\repository\org\junit\jupiter\junit-jupiter-params\5.10.0\junit-jupiter-params-5.10.0.jar;C:\Users\User\.m2\repository\org\junit\jupiter\junit-jupiter-engine\5.10.0\junit-jupiter-engine-5.10.0.jar;C:\Users\User\.m2\repository\org\junit\platform\junit-platform-engine\1.10.0\junit-platform-engine-1.10.0.jar;C:\Users\User\.m2\repository\org\mockito\mockito-core\5.2.0\mockito-core-5.2.0.jar;C:\Users\User\.m2\repository\net\bytebuddy\byte-buddy\1.14.1\byte-buddy-1.14.1.jar;C:\Users\User\.m2\repository\net\bytebuddy\byte-buddy-agent\1.14.1\byte-buddy-agent-1.14.1.jar;C:\Users\User\.m2\repository\org\objenesis\objenesis\3.3\objenesis-3.3.jar;C:\Users\User\.m2\repository\org\springframework\spring-test\5.3.39\spring-test-5.3.39.jar;C:\Users\User\.m2\repository\org\hamcrest\hamcrest\2.2\hamcrest-2.2.jar;C:\Users\User\.m2\repository\org\glassfish\javax.el\3.0.0\javax.el-3.0.0.jar;C:\Users\User\.m2\repository\javax\el\javax.el-api\3.0.0\javax.el-api-3.0.0.jar;C:\Users\User\.m2\repository\com\jayway\jsonpath\json-path\2.9.0\json-path-2.9.0.jar;C:\Users\User\.m2\repository\net\minidev\json-smart\2.5.0\json-smart-2.5.0.jar;C:\Users\User\.m2\repository\net\minidev\accessors-smart\2.5.0\accessors-smart-2.5.0.jar;C:\Users\User\.m2\repository\org\ow2\asm\asm\9.3\asm-9.3.jar;C:\Users\User\.m2\repository\javax\validation\validation-api\2.0.1.Final\validation-api-2.0.1.Final.jar;C:\Users\User\.m2\repository\org\hibernate\validator\hibernate-validator\6.2.5.Final\hibernate-validator-6.2.5.Final.jar;C:\Users\User\.m2\repository\jakarta\validation\jakarta.validation-api\2.0.2\jakarta.validation-api-2.0.2.jar;C:\Users\User\.m2\repository\org\jboss\logging\jboss-logging\3.4.1.Final\jboss-logging-3.4.1.Final.jar;"/>
    <property name="sun.cpu.endian" value="little"/>
    <property name="user.home" value="C:\Users\User"/>
    <property name="user.language" value="ko"/>
    <property name="java.specification.vendor" value="Oracle Corporation"/>
    <property name="log.file" value="${log.file}"/>
    <property name="java.home" value="C:\dev\java-1.8.0\jre"/>
    <property name="basedir" value="C:\Users\User\git\gpt-meeting-summary\gpt-meeting-summary"/>
    <property name="style.color" value="always"/>
    <property name="file.separator" value="\"/>
    <property name="line.separator" value="&#10;"/>
    <property name="java.vm.specification.vendor" value="Oracle Corporation"/>
    <property name="java.specification.name" value="Java Platform API Specification"/>
    <property name="java.awt.graphicsenv" value="sun.awt.Win32GraphicsEnvironment"/>
    <property name="surefire.real.class.path" value="C:\Users\User\AppData\Local\Temp\surefire5479280365853064045\surefirebooter-20250722174640047_3.jar"/>
    <property name="sun.boot.class.path" value="C:\dev\java-1.8.0\jre\lib\resources.jar;C:\dev\java-1.8.0\jre\lib\rt.jar;C:\dev\java-1.8.0\jre\lib\sunrsasign.jar;C:\dev\java-1.8.0\jre\lib\jsse.jar;C:\dev\java-1.8.0\jre\lib\jce.jar;C:\dev\java-1.8.0\jre\lib\charsets.jar;C:\dev\java-1.8.0\jre\lib\jfr.jar;C:\dev\java-1.8.0\jre\classes"/>
    <property name="user.script" value=""/>
    <property name="sun.management.compiler" value="HotSpot 64-Bit Tiered Compilers"/>
    <property name="java.runtime.version" value="1.8.0_332-b09"/>
    <property name="user.name" value="User"/>
    <property name="path.separator" value=";"/>
    <property name="log.pattern" value="${log.pattern}"/>
    <property name="os.version" value="10.0"/>
    <property name="java.endorsed.dirs" value="C:\dev\java-1.8.0\jre\lib\endorsed"/>
    <property name="java.runtime.name" value="OpenJDK Runtime Environment"/>
    <property name="file.encoding" value="MS949"/>
    <property name="java.vm.name" value="OpenJDK 64-Bit Server VM"/>
    <property name="localRepository" value="C:\Users\User\.m2\repository"/>
    <property name="java.vendor.url.bug" value="https://github.com/ojdkbuild/ojdkbuild/issues"/>
    <property name="java.io.tmpdir" value="C:\Users\User\AppData\Local\Temp\"/>
    <property name="java.version" value="1.8.0_332"/>
    <property name="user.dir" value="C:\Users\User\git\gpt-meeting-summary\gpt-meeting-summary"/>
    <property name="os.arch" value="amd64"/>
    <property name="java.vm.specification.name" value="Java Virtual Machine Specification"/>
    <property name="java.awt.printerjob" value="sun.awt.windows.WPrinterJob"/>
    <property name="sun.os.patch.level" value=""/>
    <property name="java.library.path" value="C:\dev\java-1.8.0\jre\bin;C:\Windows\Sun\Java\bin;C:\Windows\system32;C:\Windows;C:\Program Files (x86)\Common Files\Oracle\Java\java8path;C:\Program Files (x86)\Common Files\Oracle\Java\javapath;C:\Windows\system32;C:\Windows;C:\Windows\System32\Wbem;C:\Windows\System32\WindowsPowerShell\v1.0\;C:\Windows\System32\OpenSSH\;C:\Program Files\Bandizip\;C:\dev\java-1.8.0\bin\;C:\Program Files\Git\cmd;C:\Users\User\AppData\Local\Microsoft\WindowsApps;;."/>
    <property name="java.vm.info" value="mixed mode"/>
    <property name="java.vendor" value="ojdkbuild"/>
    <property name="java.vm.version" value="25.332-b09"/>
    <property name="java.ext.dirs" value="C:\dev\java-1.8.0\jre\lib\ext;C:\Windows\Sun\Java\lib\ext"/>
    <property name="sun.io.unicode.encoding" value="UnicodeLittle"/>
    <property name="java.class.version" value="52.0"/>
  </properties>
  <testcase name="testErrorAnalyzepage" classname="com.gpt.meetingnotes.summary.controller.TestWebControllerTest" time="0.014">
    <failure message="View name expected:&lt;error/validationError&gt; but was:&lt;summary/analyze&gt;" type="java.lang.AssertionError"><![CDATA[java.lang.AssertionError: View name expected:<error/validationError> but was:<summary/analyze>
	at org.springframework.test.util.AssertionErrors.fail(AssertionErrors.java:59)
	at org.springframework.test.util.AssertionErrors.assertEquals(AssertionErrors.java:122)
	at org.springframework.test.web.servlet.result.ViewResultMatchers.lambda$name$1(ViewResultMatchers.java:69)
	at org.springframework.test.web.servlet.MockMvc$1.andExpect(MockMvc.java:214)
	at com.gpt.meetingnotes.summary.controller.TestWebControllerTest.testErrorAnalyzepage(TestWebControllerTest.java:59)
	at java.lang.reflect.Method.invoke(Method.java:498)
	at java.util.ArrayList.forEach(ArrayList.java:1259)
	at java.util.ArrayList.forEach(ArrayList.java:1259)
]]></failure>
    <system-out><![CDATA[[2025-07-22 17:46:43][DEBUG][org.springframework.test.context.BootstrapUtils] - Instantiating CacheAwareContextLoaderDelegate from class [org.springframework.test.context.cache.DefaultCacheAwareContextLoaderDelegate]
[2025-07-22 17:46:43][DEBUG][org.springframework.test.context.BootstrapUtils] - Instantiating BootstrapContext using constructor [public org.springframework.test.context.support.DefaultBootstrapContext(java.lang.Class,org.springframework.test.context.CacheAwareContextLoaderDelegate)]
[2025-07-22 17:46:43][DEBUG][org.springframework.test.context.BootstrapUtils] - Instantiating TestContextBootstrapper for test class [com.gpt.meetingnotes.summary.controller.TestWebControllerTest] from class [org.springframework.test.context.web.WebTestContextBootstrapper]
[2025-07-22 17:46:43][DEBUG][org.springframework.test.context.support.AbstractDelegatingSmartContextLoader] - Delegating to AnnotationConfigWebContextLoader to process context configuration [ContextConfigurationAttributes@2f3166a declaringClass = 'com.gpt.meetingnotes.summary.controller.TestWebControllerTest', classes = '{class com.gpt.meetingnotes.summary.config.WebMvcTestConfig}', locations = '{}', inheritLocations = true, initializers = '{}', inheritInitializers = true, name = [null], contextLoaderClass = 'org.springframework.test.context.ContextLoader'].
[2025-07-22 17:46:43][DEBUG][org.springframework.test.context.support.ActiveProfilesUtils] - Could not find an 'annotation declaring class' for annotation type [org.springframework.test.context.ActiveProfiles] and class [com.gpt.meetingnotes.summary.controller.TestWebControllerTest]
[2025-07-22 17:46:43][DEBUG][org.springframework.test.context.web.WebTestContextBootstrapper] - @TestExecutionListeners is not present for class [com.gpt.meetingnotes.summary.controller.TestWebControllerTest]: using defaults.
[2025-07-22 17:46:43][INFO ][org.springframework.test.context.web.WebTestContextBootstrapper] - Loaded default TestExecutionListener class names from location [META-INF/spring.factories]: [org.springframework.test.context.web.ServletTestExecutionListener, org.springframework.test.context.support.DirtiesContextBeforeModesTestExecutionListener, org.springframework.test.context.event.ApplicationEventsTestExecutionListener, org.springframework.test.context.support.DependencyInjectionTestExecutionListener, org.springframework.test.context.support.DirtiesContextTestExecutionListener, org.springframework.test.context.transaction.TransactionalTestExecutionListener, org.springframework.test.context.jdbc.SqlScriptsTestExecutionListener, org.springframework.test.context.event.EventPublishingTestExecutionListener]
[2025-07-22 17:46:43][DEBUG][org.springframework.test.context.web.WebTestContextBootstrapper] - Skipping candidate TestExecutionListener [org.springframework.test.context.transaction.TransactionalTestExecutionListener] due to a missing dependency. Specify custom listener classes or make the default listener classes and their required dependencies available. Offending class: [org/springframework/transaction/interceptor/TransactionAttributeSource]
[2025-07-22 17:46:43][DEBUG][org.springframework.test.context.web.WebTestContextBootstrapper] - Skipping candidate TestExecutionListener [org.springframework.test.context.jdbc.SqlScriptsTestExecutionListener] due to a missing dependency. Specify custom listener classes or make the default listener classes and their required dependencies available. Offending class: [org/springframework/transaction/interceptor/TransactionAttribute]
[2025-07-22 17:46:43][INFO ][org.springframework.test.context.web.WebTestContextBootstrapper] - Using TestExecutionListeners: [org.springframework.test.context.web.ServletTestExecutionListener@37637a24, org.springframework.test.context.support.DirtiesContextBeforeModesTestExecutionListener@31e76a8d, org.springframework.test.context.event.ApplicationEventsTestExecutionListener@770beef5, org.springframework.test.context.support.DependencyInjectionTestExecutionListener@6dd1f638, org.springframework.test.context.support.DirtiesContextTestExecutionListener@414f13fc, org.springframework.test.context.event.EventPublishingTestExecutionListener@4b76aa5a]
[2025-07-22 17:46:43][DEBUG][org.springframework.test.context.support.AbstractDirtiesContextTestExecutionListener] - Before test class: context [DefaultTestContext@63a28987 testClass = TestWebControllerTest, testInstance = [null], testMethod = [null], testException = [null], mergedContextConfiguration = [WebMergedContextConfiguration@120d3fd testClass = TestWebControllerTest, locations = '{}', classes = '{class com.gpt.meetingnotes.summary.config.WebMvcTestConfig}', contextInitializerClasses = '[]', activeProfiles = '{}', propertySourceLocations = '{}', propertySourceProperties = '{}', contextCustomizers = set[[empty]], resourceBasePath = 'src/main/webapp', contextLoader = 'org.springframework.test.context.web.WebDelegatingSmartContextLoader', parent = [null]], attributes = map[[empty]]], class annotated with @DirtiesContext [false] with mode [null].
[2025-07-22 17:46:43][DEBUG][org.springframework.test.context.cache.DefaultCacheAwareContextLoaderDelegate] - Retrieved ApplicationContext [813823788] from cache with key [[WebMergedContextConfiguration@120d3fd testClass = TestWebControllerTest, locations = '{}', classes = '{class com.gpt.meetingnotes.summary.config.WebMvcTestConfig}', contextInitializerClasses = '[]', activeProfiles = '{}', propertySourceLocations = '{}', propertySourceProperties = '{}', contextCustomizers = set[[empty]], resourceBasePath = 'src/main/webapp', contextLoader = 'org.springframework.test.context.web.WebDelegatingSmartContextLoader', parent = [null]]]
[2025-07-22 17:46:43][DEBUG][org.springframework.test.context.cache] - Spring test ApplicationContext cache statistics: [DefaultContextCache@3eda0aeb size = 1, maxSize = 32, parentContextCount = 0, hitCount = 57, missCount = 1]
[2025-07-22 17:46:43][DEBUG][org.springframework.test.context.cache.DefaultCacheAwareContextLoaderDelegate] - Retrieved ApplicationContext [813823788] from cache with key [[WebMergedContextConfiguration@120d3fd testClass = TestWebControllerTest, locations = '{}', classes = '{class com.gpt.meetingnotes.summary.config.WebMvcTestConfig}', contextInitializerClasses = '[]', activeProfiles = '{}', propertySourceLocations = '{}', propertySourceProperties = '{}', contextCustomizers = set[[empty]], resourceBasePath = 'src/main/webapp', contextLoader = 'org.springframework.test.context.web.WebDelegatingSmartContextLoader', parent = [null]]]
[2025-07-22 17:46:43][DEBUG][org.springframework.test.context.cache] - Spring test ApplicationContext cache statistics: [DefaultContextCache@3eda0aeb size = 1, maxSize = 32, parentContextCount = 0, hitCount = 58, missCount = 1]
[2025-07-22 17:46:43][DEBUG][org.springframework.test.context.web.ServletTestExecutionListener] - Setting up MockHttpServletRequest, MockHttpServletResponse, ServletWebRequest, and RequestContextHolder for test context [DefaultTestContext@63a28987 testClass = TestWebControllerTest, testInstance = com.gpt.meetingnotes.summary.controller.TestWebControllerTest@38c9e0d6, testMethod = [null], testException = [null], mergedContextConfiguration = [WebMergedContextConfiguration@120d3fd testClass = TestWebControllerTest, locations = '{}', classes = '{class com.gpt.meetingnotes.summary.config.WebMvcTestConfig}', contextInitializerClasses = '[]', activeProfiles = '{}', propertySourceLocations = '{}', propertySourceProperties = '{}', contextCustomizers = set[[empty]], resourceBasePath = 'src/main/webapp', contextLoader = 'org.springframework.test.context.web.WebDelegatingSmartContextLoader', parent = [null]], attributes = map[[empty]]].
[2025-07-22 17:46:43][DEBUG][org.springframework.test.context.support.DependencyInjectionTestExecutionListener] - Performing dependency injection for test context [[DefaultTestContext@63a28987 testClass = TestWebControllerTest, testInstance = com.gpt.meetingnotes.summary.controller.TestWebControllerTest@38c9e0d6, testMethod = [null], testException = [null], mergedContextConfiguration = [WebMergedContextConfiguration@120d3fd testClass = TestWebControllerTest, locations = '{}', classes = '{class com.gpt.meetingnotes.summary.config.WebMvcTestConfig}', contextInitializerClasses = '[]', activeProfiles = '{}', propertySourceLocations = '{}', propertySourceProperties = '{}', contextCustomizers = set[[empty]], resourceBasePath = 'src/main/webapp', contextLoader = 'org.springframework.test.context.web.WebDelegatingSmartContextLoader', parent = [null]], attributes = map['org.springframework.test.context.web.ServletTestExecutionListener.populatedRequestContextHolder' -> true, 'org.springframework.test.context.web.ServletTestExecutionListener.resetRequestContextHolder' -> true, 'org.springframework.test.context.event.ApplicationEventsTestExecutionListener.recordApplicationEvents' -> false]]].
[2025-07-22 17:46:43][DEBUG][org.springframework.test.context.cache.DefaultCacheAwareContextLoaderDelegate] - Retrieved ApplicationContext [813823788] from cache with key [[WebMergedContextConfiguration@120d3fd testClass = TestWebControllerTest, locations = '{}', classes = '{class com.gpt.meetingnotes.summary.config.WebMvcTestConfig}', contextInitializerClasses = '[]', activeProfiles = '{}', propertySourceLocations = '{}', propertySourceProperties = '{}', contextCustomizers = set[[empty]], resourceBasePath = 'src/main/webapp', contextLoader = 'org.springframework.test.context.web.WebDelegatingSmartContextLoader', parent = [null]]]
[2025-07-22 17:46:43][DEBUG][org.springframework.test.context.cache] - Spring test ApplicationContext cache statistics: [DefaultContextCache@3eda0aeb size = 1, maxSize = 32, parentContextCount = 0, hitCount = 59, missCount = 1]
[2025-07-22 17:46:43][DEBUG][org.springframework.test.context.cache.DefaultCacheAwareContextLoaderDelegate] - Retrieved ApplicationContext [813823788] from cache with key [[WebMergedContextConfiguration@120d3fd testClass = TestWebControllerTest, locations = '{}', classes = '{class com.gpt.meetingnotes.summary.config.WebMvcTestConfig}', contextInitializerClasses = '[]', activeProfiles = '{}', propertySourceLocations = '{}', propertySourceProperties = '{}', contextCustomizers = set[[empty]], resourceBasePath = 'src/main/webapp', contextLoader = 'org.springframework.test.context.web.WebDelegatingSmartContextLoader', parent = [null]]]
[2025-07-22 17:46:43][DEBUG][org.springframework.test.context.cache] - Spring test ApplicationContext cache statistics: [DefaultContextCache@3eda0aeb size = 1, maxSize = 32, parentContextCount = 0, hitCount = 60, missCount = 1]
[2025-07-22 17:46:43][DEBUG][org.springframework.test.context.support.AbstractDirtiesContextTestExecutionListener] - Before test method: context [DefaultTestContext@63a28987 testClass = TestWebControllerTest, testInstance = com.gpt.meetingnotes.summary.controller.TestWebControllerTest@38c9e0d6, testMethod = testErrorAnalyzepage@TestWebControllerTest, testException = [null], mergedContextConfiguration = [WebMergedContextConfiguration@120d3fd testClass = TestWebControllerTest, locations = '{}', classes = '{class com.gpt.meetingnotes.summary.config.WebMvcTestConfig}', contextInitializerClasses = '[]', activeProfiles = '{}', propertySourceLocations = '{}', propertySourceProperties = '{}', contextCustomizers = set[[empty]], resourceBasePath = 'src/main/webapp', contextLoader = 'org.springframework.test.context.web.WebDelegatingSmartContextLoader', parent = [null]], attributes = map['org.springframework.test.context.web.ServletTestExecutionListener.populatedRequestContextHolder' -> true, 'org.springframework.test.context.web.ServletTestExecutionListener.resetRequestContextHolder' -> true, 'org.springframework.test.context.event.ApplicationEventsTestExecutionListener.recordApplicationEvents' -> false]], class annotated with @DirtiesContext [false] with mode [null], method annotated with @DirtiesContext [false] with mode [null].
[2025-07-22 17:46:43][DEBUG][org.springframework.test.context.cache.DefaultCacheAwareContextLoaderDelegate] - Retrieved ApplicationContext [813823788] from cache with key [[WebMergedContextConfiguration@120d3fd testClass = TestWebControllerTest, locations = '{}', classes = '{class com.gpt.meetingnotes.summary.config.WebMvcTestConfig}', contextInitializerClasses = '[]', activeProfiles = '{}', propertySourceLocations = '{}', propertySourceProperties = '{}', contextCustomizers = set[[empty]], resourceBasePath = 'src/main/webapp', contextLoader = 'org.springframework.test.context.web.WebDelegatingSmartContextLoader', parent = [null]]]
[2025-07-22 17:46:43][DEBUG][org.springframework.test.context.cache] - Spring test ApplicationContext cache statistics: [DefaultContextCache@3eda0aeb size = 1, maxSize = 32, parentContextCount = 0, hitCount = 61, missCount = 1]
[2025-07-22 17:46:43][INFO ][org.springframework.mock.web.MockServletContext] - Initializing Spring TestDispatcherServlet ''
[2025-07-22 17:46:43][INFO ][org.springframework.test.web.servlet.TestDispatcherServlet] - Initializing Servlet ''
[2025-07-22 17:46:43][DEBUG][org.springframework.test.web.servlet.TestDispatcherServlet] - Detected AcceptHeaderLocaleResolver
[2025-07-22 17:46:43][DEBUG][org.springframework.test.web.servlet.TestDispatcherServlet] - Detected FixedThemeResolver
[2025-07-22 17:46:43][DEBUG][org.springframework.test.web.servlet.TestDispatcherServlet] - Detected org.springframework.web.servlet.view.DefaultRequestToViewNameTranslator@71978f46
[2025-07-22 17:46:43][DEBUG][org.springframework.test.web.servlet.TestDispatcherServlet] - Detected org.springframework.web.servlet.support.SessionFlashMapManager@304d0259
[2025-07-22 17:46:43][DEBUG][org.springframework.test.web.servlet.TestDispatcherServlet] - enableLoggingRequestDetails='false': request parameters and headers will be masked to prevent unsafe logging of potentially sensitive data
[2025-07-22 17:46:43][INFO ][org.springframework.test.web.servlet.TestDispatcherServlet] - Completed initialization in 1 ms
[2025-07-22 17:46:43][DEBUG][org.springframework.test.context.cache.DefaultCacheAwareContextLoaderDelegate] - Retrieved ApplicationContext [813823788] from cache with key [[WebMergedContextConfiguration@120d3fd testClass = TestWebControllerTest, locations = '{}', classes = '{class com.gpt.meetingnotes.summary.config.WebMvcTestConfig}', contextInitializerClasses = '[]', activeProfiles = '{}', propertySourceLocations = '{}', propertySourceProperties = '{}', contextCustomizers = set[[empty]], resourceBasePath = 'src/main/webapp', contextLoader = 'org.springframework.test.context.web.WebDelegatingSmartContextLoader', parent = [null]]]
[2025-07-22 17:46:43][DEBUG][org.springframework.test.context.cache] - Spring test ApplicationContext cache statistics: [DefaultContextCache@3eda0aeb size = 1, maxSize = 32, parentContextCount = 0, hitCount = 62, missCount = 1]
[2025-07-22 17:46:43][DEBUG][org.springframework.test.web.servlet.TestDispatcherServlet] - GET "/mock/summary/analyze", parameters={}
[2025-07-22 17:46:43][DEBUG][org.springframework.web.servlet.mvc.method.annotation.RequestMappingHandlerMapping] - Mapped to com.gpt.meetingnotes.summary.mock.TestWebMockController#analyze(AnalyzeRequest, Model)
[2025-07-22 17:46:43][DEBUG][org.springframework.web.servlet.view.JstlView] - View name 'summary/analyze', model {analyzeRequest=com.gpt.meetingnotes.summary.dto.AnalyzeRequest@7e7fe6d, org.springframework.validation.BindingResult.analyzeRequest=org.springframework.validation.BeanPropertyBindingResult: 0 errors}
[2025-07-22 17:46:43][DEBUG][org.springframework.web.servlet.view.JstlView] - Forwarding to [/WEB-INF/views/summary/analyze.jsp]
[2025-07-22 17:46:43][DEBUG][org.springframework.mock.web.MockRequestDispatcher] - MockRequestDispatcher: forwarding to [/WEB-INF/views/summary/analyze.jsp]
[2025-07-22 17:46:43][DEBUG][org.springframework.test.web.servlet.TestDispatcherServlet] - Completed 200 OK
[2025-07-22 17:46:43][DEBUG][org.springframework.test.context.cache.DefaultCacheAwareContextLoaderDelegate] - Retrieved ApplicationContext [813823788] from cache with key [[WebMergedContextConfiguration@120d3fd testClass = TestWebControllerTest, locations = '{}', classes = '{class com.gpt.meetingnotes.summary.config.WebMvcTestConfig}', contextInitializerClasses = '[]', activeProfiles = '{}', propertySourceLocations = '{}', propertySourceProperties = '{}', contextCustomizers = set[[empty]], resourceBasePath = 'src/main/webapp', contextLoader = 'org.springframework.test.context.web.WebDelegatingSmartContextLoader', parent = [null]]]
[2025-07-22 17:46:43][DEBUG][org.springframework.test.context.cache] - Spring test ApplicationContext cache statistics: [DefaultContextCache@3eda0aeb size = 1, maxSize = 32, parentContextCount = 0, hitCount = 63, missCount = 1]
[2025-07-22 17:46:43][DEBUG][org.springframework.test.context.cache.DefaultCacheAwareContextLoaderDelegate] - Retrieved ApplicationContext [813823788] from cache with key [[WebMergedContextConfiguration@120d3fd testClass = TestWebControllerTest, locations = '{}', classes = '{class com.gpt.meetingnotes.summary.config.WebMvcTestConfig}', contextInitializerClasses = '[]', activeProfiles = '{}', propertySourceLocations = '{}', propertySourceProperties = '{}', contextCustomizers = set[[empty]], resourceBasePath = 'src/main/webapp', contextLoader = 'org.springframework.test.context.web.WebDelegatingSmartContextLoader', parent = [null]]]
[2025-07-22 17:46:43][DEBUG][org.springframework.test.context.cache] - Spring test ApplicationContext cache statistics: [DefaultContextCache@3eda0aeb size = 1, maxSize = 32, parentContextCount = 0, hitCount = 64, missCount = 1]
[2025-07-22 17:46:43][DEBUG][org.springframework.test.context.support.AbstractDirtiesContextTestExecutionListener] - After test method: context [DefaultTestContext@63a28987 testClass = TestWebControllerTest, testInstance = com.gpt.meetingnotes.summary.controller.TestWebControllerTest@38c9e0d6, testMethod = testErrorAnalyzepage@TestWebControllerTest, testException = java.lang.AssertionError: View name expected:<error/validationError> but was:<summary/analyze>, mergedContextConfiguration = [WebMergedContextConfiguration@120d3fd testClass = TestWebControllerTest, locations = '{}', classes = '{class com.gpt.meetingnotes.summary.config.WebMvcTestConfig}', contextInitializerClasses = '[]', activeProfiles = '{}', propertySourceLocations = '{}', propertySourceProperties = '{}', contextCustomizers = set[[empty]], resourceBasePath = 'src/main/webapp', contextLoader = 'org.springframework.test.context.web.WebDelegatingSmartContextLoader', parent = [null]], attributes = map['org.springframework.test.context.web.ServletTestExecutionListener.populatedRequestContextHolder' -> true, 'org.springframework.test.context.web.ServletTestExecutionListener.resetRequestContextHolder' -> true, 'org.springframework.test.context.event.ApplicationEventsTestExecutionListener.recordApplicationEvents' -> false]], class annotated with @DirtiesContext [false] with mode [null], method annotated with @DirtiesContext [false] with mode [null].
[2025-07-22 17:46:43][DEBUG][org.springframework.test.context.web.ServletTestExecutionListener] - Resetting RequestContextHolder for test context [DefaultTestContext@63a28987 testClass = TestWebControllerTest, testInstance = com.gpt.meetingnotes.summary.controller.TestWebControllerTest@38c9e0d6, testMethod = testErrorAnalyzepage@TestWebControllerTest, testException = java.lang.AssertionError: View name expected:<error/validationError> but was:<summary/analyze>, mergedContextConfiguration = [WebMergedContextConfiguration@120d3fd testClass = TestWebControllerTest, locations = '{}', classes = '{class com.gpt.meetingnotes.summary.config.WebMvcTestConfig}', contextInitializerClasses = '[]', activeProfiles = '{}', propertySourceLocations = '{}', propertySourceProperties = '{}', contextCustomizers = set[[empty]], resourceBasePath = 'src/main/webapp', contextLoader = 'org.springframework.test.context.web.WebDelegatingSmartContextLoader', parent = [null]], attributes = map['org.springframework.test.context.web.ServletTestExecutionListener.populatedRequestContextHolder' -> true, 'org.springframework.test.context.web.ServletTestExecutionListener.resetRequestContextHolder' -> true, 'org.springframework.test.context.event.ApplicationEventsTestExecutionListener.recordApplicationEvents' -> false]].
]]></system-out>
  </testcase>
  <testcase name="testHomePage" classname="com.gpt.meetingnotes.summary.controller.TestWebControllerTest" time="0.008">
    <system-out><![CDATA[[2025-07-22 17:46:43][DEBUG][org.springframework.test.context.cache.DefaultCacheAwareContextLoaderDelegate] - Retrieved ApplicationContext [813823788] from cache with key [[WebMergedContextConfiguration@120d3fd testClass = TestWebControllerTest, locations = '{}', classes = '{class com.gpt.meetingnotes.summary.config.WebMvcTestConfig}', contextInitializerClasses = '[]', activeProfiles = '{}', propertySourceLocations = '{}', propertySourceProperties = '{}', contextCustomizers = set[[empty]], resourceBasePath = 'src/main/webapp', contextLoader = 'org.springframework.test.context.web.WebDelegatingSmartContextLoader', parent = [null]]]
[2025-07-22 17:46:43][DEBUG][org.springframework.test.context.cache] - Spring test ApplicationContext cache statistics: [DefaultContextCache@3eda0aeb size = 1, maxSize = 32, parentContextCount = 0, hitCount = 65, missCount = 1]
[2025-07-22 17:46:43][DEBUG][org.springframework.test.context.web.ServletTestExecutionListener] - Setting up MockHttpServletRequest, MockHttpServletResponse, ServletWebRequest, and RequestContextHolder for test context [DefaultTestContext@63a28987 testClass = TestWebControllerTest, testInstance = com.gpt.meetingnotes.summary.controller.TestWebControllerTest@4eb166a1, testMethod = [null], testException = [null], mergedContextConfiguration = [WebMergedContextConfiguration@120d3fd testClass = TestWebControllerTest, locations = '{}', classes = '{class com.gpt.meetingnotes.summary.config.WebMvcTestConfig}', contextInitializerClasses = '[]', activeProfiles = '{}', propertySourceLocations = '{}', propertySourceProperties = '{}', contextCustomizers = set[[empty]], resourceBasePath = 'src/main/webapp', contextLoader = 'org.springframework.test.context.web.WebDelegatingSmartContextLoader', parent = [null]], attributes = map['org.springframework.test.context.event.ApplicationEventsTestExecutionListener.recordApplicationEvents' -> false, 'org.springframework.test.context.support.DependencyInjectionTestExecutionListener.reinjectDependencies' -> true]].
[2025-07-22 17:46:43][DEBUG][org.springframework.test.context.support.DependencyInjectionTestExecutionListener] - Performing dependency injection for test context [[DefaultTestContext@63a28987 testClass = TestWebControllerTest, testInstance = com.gpt.meetingnotes.summary.controller.TestWebControllerTest@4eb166a1, testMethod = [null], testException = [null], mergedContextConfiguration = [WebMergedContextConfiguration@120d3fd testClass = TestWebControllerTest, locations = '{}', classes = '{class com.gpt.meetingnotes.summary.config.WebMvcTestConfig}', contextInitializerClasses = '[]', activeProfiles = '{}', propertySourceLocations = '{}', propertySourceProperties = '{}', contextCustomizers = set[[empty]], resourceBasePath = 'src/main/webapp', contextLoader = 'org.springframework.test.context.web.WebDelegatingSmartContextLoader', parent = [null]], attributes = map['org.springframework.test.context.web.ServletTestExecutionListener.populatedRequestContextHolder' -> true, 'org.springframework.test.context.web.ServletTestExecutionListener.resetRequestContextHolder' -> true, 'org.springframework.test.context.event.ApplicationEventsTestExecutionListener.recordApplicationEvents' -> false, 'org.springframework.test.context.support.DependencyInjectionTestExecutionListener.reinjectDependencies' -> true]]].
[2025-07-22 17:46:43][DEBUG][org.springframework.test.context.cache.DefaultCacheAwareContextLoaderDelegate] - Retrieved ApplicationContext [813823788] from cache with key [[WebMergedContextConfiguration@120d3fd testClass = TestWebControllerTest, locations = '{}', classes = '{class com.gpt.meetingnotes.summary.config.WebMvcTestConfig}', contextInitializerClasses = '[]', activeProfiles = '{}', propertySourceLocations = '{}', propertySourceProperties = '{}', contextCustomizers = set[[empty]], resourceBasePath = 'src/main/webapp', contextLoader = 'org.springframework.test.context.web.WebDelegatingSmartContextLoader', parent = [null]]]
[2025-07-22 17:46:43][DEBUG][org.springframework.test.context.cache] - Spring test ApplicationContext cache statistics: [DefaultContextCache@3eda0aeb size = 1, maxSize = 32, parentContextCount = 0, hitCount = 66, missCount = 1]
[2025-07-22 17:46:43][DEBUG][org.springframework.test.context.cache.DefaultCacheAwareContextLoaderDelegate] - Retrieved ApplicationContext [813823788] from cache with key [[WebMergedContextConfiguration@120d3fd testClass = TestWebControllerTest, locations = '{}', classes = '{class com.gpt.meetingnotes.summary.config.WebMvcTestConfig}', contextInitializerClasses = '[]', activeProfiles = '{}', propertySourceLocations = '{}', propertySourceProperties = '{}', contextCustomizers = set[[empty]], resourceBasePath = 'src/main/webapp', contextLoader = 'org.springframework.test.context.web.WebDelegatingSmartContextLoader', parent = [null]]]
[2025-07-22 17:46:43][DEBUG][org.springframework.test.context.cache] - Spring test ApplicationContext cache statistics: [DefaultContextCache@3eda0aeb size = 1, maxSize = 32, parentContextCount = 0, hitCount = 67, missCount = 1]
[2025-07-22 17:46:43][DEBUG][org.springframework.test.context.support.AbstractDirtiesContextTestExecutionListener] - Before test method: context [DefaultTestContext@63a28987 testClass = TestWebControllerTest, testInstance = com.gpt.meetingnotes.summary.controller.TestWebControllerTest@4eb166a1, testMethod = testHomePage@TestWebControllerTest, testException = [null], mergedContextConfiguration = [WebMergedContextConfiguration@120d3fd testClass = TestWebControllerTest, locations = '{}', classes = '{class com.gpt.meetingnotes.summary.config.WebMvcTestConfig}', contextInitializerClasses = '[]', activeProfiles = '{}', propertySourceLocations = '{}', propertySourceProperties = '{}', contextCustomizers = set[[empty]], resourceBasePath = 'src/main/webapp', contextLoader = 'org.springframework.test.context.web.WebDelegatingSmartContextLoader', parent = [null]], attributes = map['org.springframework.test.context.web.ServletTestExecutionListener.populatedRequestContextHolder' -> true, 'org.springframework.test.context.web.ServletTestExecutionListener.resetRequestContextHolder' -> true, 'org.springframework.test.context.event.ApplicationEventsTestExecutionListener.recordApplicationEvents' -> false]], class annotated with @DirtiesContext [false] with mode [null], method annotated with @DirtiesContext [false] with mode [null].
[2025-07-22 17:46:43][DEBUG][org.springframework.test.context.cache.DefaultCacheAwareContextLoaderDelegate] - Retrieved ApplicationContext [813823788] from cache with key [[WebMergedContextConfiguration@120d3fd testClass = TestWebControllerTest, locations = '{}', classes = '{class com.gpt.meetingnotes.summary.config.WebMvcTestConfig}', contextInitializerClasses = '[]', activeProfiles = '{}', propertySourceLocations = '{}', propertySourceProperties = '{}', contextCustomizers = set[[empty]], resourceBasePath = 'src/main/webapp', contextLoader = 'org.springframework.test.context.web.WebDelegatingSmartContextLoader', parent = [null]]]
[2025-07-22 17:46:43][DEBUG][org.springframework.test.context.cache] - Spring test ApplicationContext cache statistics: [DefaultContextCache@3eda0aeb size = 1, maxSize = 32, parentContextCount = 0, hitCount = 68, missCount = 1]
[2025-07-22 17:46:43][INFO ][org.springframework.mock.web.MockServletContext] - Initializing Spring TestDispatcherServlet ''
[2025-07-22 17:46:43][INFO ][org.springframework.test.web.servlet.TestDispatcherServlet] - Initializing Servlet ''
[2025-07-22 17:46:43][DEBUG][org.springframework.test.web.servlet.TestDispatcherServlet] - Detected AcceptHeaderLocaleResolver
[2025-07-22 17:46:43][DEBUG][org.springframework.test.web.servlet.TestDispatcherServlet] - Detected FixedThemeResolver
[2025-07-22 17:46:43][DEBUG][org.springframework.test.web.servlet.TestDispatcherServlet] - Detected org.springframework.web.servlet.view.DefaultRequestToViewNameTranslator@71978f46
[2025-07-22 17:46:43][DEBUG][org.springframework.test.web.servlet.TestDispatcherServlet] - Detected org.springframework.web.servlet.support.SessionFlashMapManager@304d0259
[2025-07-22 17:46:43][DEBUG][org.springframework.test.web.servlet.TestDispatcherServlet] - enableLoggingRequestDetails='false': request parameters and headers will be masked to prevent unsafe logging of potentially sensitive data
[2025-07-22 17:46:43][INFO ][org.springframework.test.web.servlet.TestDispatcherServlet] - Completed initialization in 1 ms
[2025-07-22 17:46:43][DEBUG][org.springframework.test.context.cache.DefaultCacheAwareContextLoaderDelegate] - Retrieved ApplicationContext [813823788] from cache with key [[WebMergedContextConfiguration@120d3fd testClass = TestWebControllerTest, locations = '{}', classes = '{class com.gpt.meetingnotes.summary.config.WebMvcTestConfig}', contextInitializerClasses = '[]', activeProfiles = '{}', propertySourceLocations = '{}', propertySourceProperties = '{}', contextCustomizers = set[[empty]], resourceBasePath = 'src/main/webapp', contextLoader = 'org.springframework.test.context.web.WebDelegatingSmartContextLoader', parent = [null]]]
[2025-07-22 17:46:43][DEBUG][org.springframework.test.context.cache] - Spring test ApplicationContext cache statistics: [DefaultContextCache@3eda0aeb size = 1, maxSize = 32, parentContextCount = 0, hitCount = 69, missCount = 1]
[2025-07-22 17:46:43][DEBUG][org.springframework.test.web.servlet.TestDispatcherServlet] - GET "/mock/summary/", parameters={}
[2025-07-22 17:46:43][DEBUG][org.springframework.web.servlet.mvc.method.annotation.RequestMappingHandlerMapping] - Mapped to com.gpt.meetingnotes.summary.mock.TestWebMockController#home(Locale, Model)
[2025-07-22 17:46:43][INFO ][com.gpt.meetingnotes.summary.mock.TestWebMockController] - Welcome home! The client locale is ko.
[2025-07-22 17:46:43][DEBUG][org.springframework.web.servlet.view.JstlView] - View name 'home', model {serverTime=2025 7 22 ()  5 46 43}
[2025-07-22 17:46:43][DEBUG][org.springframework.web.servlet.view.JstlView] - Forwarding to [/WEB-INF/views/home.jsp]
[2025-07-22 17:46:43][DEBUG][org.springframework.mock.web.MockRequestDispatcher] - MockRequestDispatcher: forwarding to [/WEB-INF/views/home.jsp]
[2025-07-22 17:46:43][DEBUG][org.springframework.test.web.servlet.TestDispatcherServlet] - Completed 200 OK
[2025-07-22 17:46:43][DEBUG][org.springframework.test.context.cache.DefaultCacheAwareContextLoaderDelegate] - Retrieved ApplicationContext [813823788] from cache with key [[WebMergedContextConfiguration@120d3fd testClass = TestWebControllerTest, locations = '{}', classes = '{class com.gpt.meetingnotes.summary.config.WebMvcTestConfig}', contextInitializerClasses = '[]', activeProfiles = '{}', propertySourceLocations = '{}', propertySourceProperties = '{}', contextCustomizers = set[[empty]], resourceBasePath = 'src/main/webapp', contextLoader = 'org.springframework.test.context.web.WebDelegatingSmartContextLoader', parent = [null]]]
[2025-07-22 17:46:43][DEBUG][org.springframework.test.context.cache] - Spring test ApplicationContext cache statistics: [DefaultContextCache@3eda0aeb size = 1, maxSize = 32, parentContextCount = 0, hitCount = 70, missCount = 1]
[2025-07-22 17:46:43][DEBUG][org.springframework.test.context.cache.DefaultCacheAwareContextLoaderDelegate] - Retrieved ApplicationContext [813823788] from cache with key [[WebMergedContextConfiguration@120d3fd testClass = TestWebControllerTest, locations = '{}', classes = '{class com.gpt.meetingnotes.summary.config.WebMvcTestConfig}', contextInitializerClasses = '[]', activeProfiles = '{}', propertySourceLocations = '{}', propertySourceProperties = '{}', contextCustomizers = set[[empty]], resourceBasePath = 'src/main/webapp', contextLoader = 'org.springframework.test.context.web.WebDelegatingSmartContextLoader', parent = [null]]]
[2025-07-22 17:46:43][DEBUG][org.springframework.test.context.cache] - Spring test ApplicationContext cache statistics: [DefaultContextCache@3eda0aeb size = 1, maxSize = 32, parentContextCount = 0, hitCount = 71, missCount = 1]
[2025-07-22 17:46:43][DEBUG][org.springframework.test.context.support.AbstractDirtiesContextTestExecutionListener] - After test method: context [DefaultTestContext@63a28987 testClass = TestWebControllerTest, testInstance = com.gpt.meetingnotes.summary.controller.TestWebControllerTest@4eb166a1, testMethod = testHomePage@TestWebControllerTest, testException = [null], mergedContextConfiguration = [WebMergedContextConfiguration@120d3fd testClass = TestWebControllerTest, locations = '{}', classes = '{class com.gpt.meetingnotes.summary.config.WebMvcTestConfig}', contextInitializerClasses = '[]', activeProfiles = '{}', propertySourceLocations = '{}', propertySourceProperties = '{}', contextCustomizers = set[[empty]], resourceBasePath = 'src/main/webapp', contextLoader = 'org.springframework.test.context.web.WebDelegatingSmartContextLoader', parent = [null]], attributes = map['org.springframework.test.context.web.ServletTestExecutionListener.populatedRequestContextHolder' -> true, 'org.springframework.test.context.web.ServletTestExecutionListener.resetRequestContextHolder' -> true, 'org.springframework.test.context.event.ApplicationEventsTestExecutionListener.recordApplicationEvents' -> false]], class annotated with @DirtiesContext [false] with mode [null], method annotated with @DirtiesContext [false] with mode [null].
[2025-07-22 17:46:43][DEBUG][org.springframework.test.context.web.ServletTestExecutionListener] - Resetting RequestContextHolder for test context [DefaultTestContext@63a28987 testClass = TestWebControllerTest, testInstance = com.gpt.meetingnotes.summary.controller.TestWebControllerTest@4eb166a1, testMethod = testHomePage@TestWebControllerTest, testException = [null], mergedContextConfiguration = [WebMergedContextConfiguration@120d3fd testClass = TestWebControllerTest, locations = '{}', classes = '{class com.gpt.meetingnotes.summary.config.WebMvcTestConfig}', contextInitializerClasses = '[]', activeProfiles = '{}', propertySourceLocations = '{}', propertySourceProperties = '{}', contextCustomizers = set[[empty]], resourceBasePath = 'src/main/webapp', contextLoader = 'org.springframework.test.context.web.WebDelegatingSmartContextLoader', parent = [null]], attributes = map['org.springframework.test.context.web.ServletTestExecutionListener.populatedRequestContextHolder' -> true, 'org.springframework.test.context.web.ServletTestExecutionListener.resetRequestContextHolder' -> true, 'org.springframework.test.context.event.ApplicationEventsTestExecutionListener.recordApplicationEvents' -> false]].
]]></system-out>
  </testcase>
  <testcase name="testAnalyzepage" classname="com.gpt.meetingnotes.summary.controller.TestWebControllerTest" time="0.007">
    <system-out><![CDATA[[2025-07-22 17:46:43][DEBUG][org.springframework.test.context.cache.DefaultCacheAwareContextLoaderDelegate] - Retrieved ApplicationContext [813823788] from cache with key [[WebMergedContextConfiguration@120d3fd testClass = TestWebControllerTest, locations = '{}', classes = '{class com.gpt.meetingnotes.summary.config.WebMvcTestConfig}', contextInitializerClasses = '[]', activeProfiles = '{}', propertySourceLocations = '{}', propertySourceProperties = '{}', contextCustomizers = set[[empty]], resourceBasePath = 'src/main/webapp', contextLoader = 'org.springframework.test.context.web.WebDelegatingSmartContextLoader', parent = [null]]]
[2025-07-22 17:46:43][DEBUG][org.springframework.test.context.cache] - Spring test ApplicationContext cache statistics: [DefaultContextCache@3eda0aeb size = 1, maxSize = 32, parentContextCount = 0, hitCount = 72, missCount = 1]
[2025-07-22 17:46:43][DEBUG][org.springframework.test.context.web.ServletTestExecutionListener] - Setting up MockHttpServletRequest, MockHttpServletResponse, ServletWebRequest, and RequestContextHolder for test context [DefaultTestContext@63a28987 testClass = TestWebControllerTest, testInstance = com.gpt.meetingnotes.summary.controller.TestWebControllerTest@e146f93, testMethod = [null], testException = [null], mergedContextConfiguration = [WebMergedContextConfiguration@120d3fd testClass = TestWebControllerTest, locations = '{}', classes = '{class com.gpt.meetingnotes.summary.config.WebMvcTestConfig}', contextInitializerClasses = '[]', activeProfiles = '{}', propertySourceLocations = '{}', propertySourceProperties = '{}', contextCustomizers = set[[empty]], resourceBasePath = 'src/main/webapp', contextLoader = 'org.springframework.test.context.web.WebDelegatingSmartContextLoader', parent = [null]], attributes = map['org.springframework.test.context.event.ApplicationEventsTestExecutionListener.recordApplicationEvents' -> false, 'org.springframework.test.context.support.DependencyInjectionTestExecutionListener.reinjectDependencies' -> true]].
[2025-07-22 17:46:43][DEBUG][org.springframework.test.context.support.DependencyInjectionTestExecutionListener] - Performing dependency injection for test context [[DefaultTestContext@63a28987 testClass = TestWebControllerTest, testInstance = com.gpt.meetingnotes.summary.controller.TestWebControllerTest@e146f93, testMethod = [null], testException = [null], mergedContextConfiguration = [WebMergedContextConfiguration@120d3fd testClass = TestWebControllerTest, locations = '{}', classes = '{class com.gpt.meetingnotes.summary.config.WebMvcTestConfig}', contextInitializerClasses = '[]', activeProfiles = '{}', propertySourceLocations = '{}', propertySourceProperties = '{}', contextCustomizers = set[[empty]], resourceBasePath = 'src/main/webapp', contextLoader = 'org.springframework.test.context.web.WebDelegatingSmartContextLoader', parent = [null]], attributes = map['org.springframework.test.context.web.ServletTestExecutionListener.populatedRequestContextHolder' -> true, 'org.springframework.test.context.web.ServletTestExecutionListener.resetRequestContextHolder' -> true, 'org.springframework.test.context.event.ApplicationEventsTestExecutionListener.recordApplicationEvents' -> false, 'org.springframework.test.context.support.DependencyInjectionTestExecutionListener.reinjectDependencies' -> true]]].
[2025-07-22 17:46:43][DEBUG][org.springframework.test.context.cache.DefaultCacheAwareContextLoaderDelegate] - Retrieved ApplicationContext [813823788] from cache with key [[WebMergedContextConfiguration@120d3fd testClass = TestWebControllerTest, locations = '{}', classes = '{class com.gpt.meetingnotes.summary.config.WebMvcTestConfig}', contextInitializerClasses = '[]', activeProfiles = '{}', propertySourceLocations = '{}', propertySourceProperties = '{}', contextCustomizers = set[[empty]], resourceBasePath = 'src/main/webapp', contextLoader = 'org.springframework.test.context.web.WebDelegatingSmartContextLoader', parent = [null]]]
[2025-07-22 17:46:43][DEBUG][org.springframework.test.context.cache] - Spring test ApplicationContext cache statistics: [DefaultContextCache@3eda0aeb size = 1, maxSize = 32, parentContextCount = 0, hitCount = 73, missCount = 1]
[2025-07-22 17:46:43][DEBUG][org.springframework.test.context.cache.DefaultCacheAwareContextLoaderDelegate] - Retrieved ApplicationContext [813823788] from cache with key [[WebMergedContextConfiguration@120d3fd testClass = TestWebControllerTest, locations = '{}', classes = '{class com.gpt.meetingnotes.summary.config.WebMvcTestConfig}', contextInitializerClasses = '[]', activeProfiles = '{}', propertySourceLocations = '{}', propertySourceProperties = '{}', contextCustomizers = set[[empty]], resourceBasePath = 'src/main/webapp', contextLoader = 'org.springframework.test.context.web.WebDelegatingSmartContextLoader', parent = [null]]]
[2025-07-22 17:46:43][DEBUG][org.springframework.test.context.cache] - Spring test ApplicationContext cache statistics: [DefaultContextCache@3eda0aeb size = 1, maxSize = 32, parentContextCount = 0, hitCount = 74, missCount = 1]
[2025-07-22 17:46:43][DEBUG][org.springframework.test.context.support.AbstractDirtiesContextTestExecutionListener] - Before test method: context [DefaultTestContext@63a28987 testClass = TestWebControllerTest, testInstance = com.gpt.meetingnotes.summary.controller.TestWebControllerTest@e146f93, testMethod = testAnalyzepage@TestWebControllerTest, testException = [null], mergedContextConfiguration = [WebMergedContextConfiguration@120d3fd testClass = TestWebControllerTest, locations = '{}', classes = '{class com.gpt.meetingnotes.summary.config.WebMvcTestConfig}', contextInitializerClasses = '[]', activeProfiles = '{}', propertySourceLocations = '{}', propertySourceProperties = '{}', contextCustomizers = set[[empty]], resourceBasePath = 'src/main/webapp', contextLoader = 'org.springframework.test.context.web.WebDelegatingSmartContextLoader', parent = [null]], attributes = map['org.springframework.test.context.web.ServletTestExecutionListener.populatedRequestContextHolder' -> true, 'org.springframework.test.context.web.ServletTestExecutionListener.resetRequestContextHolder' -> true, 'org.springframework.test.context.event.ApplicationEventsTestExecutionListener.recordApplicationEvents' -> false]], class annotated with @DirtiesContext [false] with mode [null], method annotated with @DirtiesContext [false] with mode [null].
[2025-07-22 17:46:43][DEBUG][org.springframework.test.context.cache.DefaultCacheAwareContextLoaderDelegate] - Retrieved ApplicationContext [813823788] from cache with key [[WebMergedContextConfiguration@120d3fd testClass = TestWebControllerTest, locations = '{}', classes = '{class com.gpt.meetingnotes.summary.config.WebMvcTestConfig}', contextInitializerClasses = '[]', activeProfiles = '{}', propertySourceLocations = '{}', propertySourceProperties = '{}', contextCustomizers = set[[empty]], resourceBasePath = 'src/main/webapp', contextLoader = 'org.springframework.test.context.web.WebDelegatingSmartContextLoader', parent = [null]]]
[2025-07-22 17:46:43][DEBUG][org.springframework.test.context.cache] - Spring test ApplicationContext cache statistics: [DefaultContextCache@3eda0aeb size = 1, maxSize = 32, parentContextCount = 0, hitCount = 75, missCount = 1]
[2025-07-22 17:46:43][INFO ][org.springframework.mock.web.MockServletContext] - Initializing Spring TestDispatcherServlet ''
[2025-07-22 17:46:43][INFO ][org.springframework.test.web.servlet.TestDispatcherServlet] - Initializing Servlet ''
[2025-07-22 17:46:43][DEBUG][org.springframework.test.web.servlet.TestDispatcherServlet] - Detected AcceptHeaderLocaleResolver
[2025-07-22 17:46:43][DEBUG][org.springframework.test.web.servlet.TestDispatcherServlet] - Detected FixedThemeResolver
[2025-07-22 17:46:43][DEBUG][org.springframework.test.web.servlet.TestDispatcherServlet] - Detected org.springframework.web.servlet.view.DefaultRequestToViewNameTranslator@71978f46
[2025-07-22 17:46:43][DEBUG][org.springframework.test.web.servlet.TestDispatcherServlet] - Detected org.springframework.web.servlet.support.SessionFlashMapManager@304d0259
[2025-07-22 17:46:43][DEBUG][org.springframework.test.web.servlet.TestDispatcherServlet] - enableLoggingRequestDetails='false': request parameters and headers will be masked to prevent unsafe logging of potentially sensitive data
[2025-07-22 17:46:43][INFO ][org.springframework.test.web.servlet.TestDispatcherServlet] - Completed initialization in 1 ms
[2025-07-22 17:46:43][DEBUG][org.springframework.test.context.cache.DefaultCacheAwareContextLoaderDelegate] - Retrieved ApplicationContext [813823788] from cache with key [[WebMergedContextConfiguration@120d3fd testClass = TestWebControllerTest, locations = '{}', classes = '{class com.gpt.meetingnotes.summary.config.WebMvcTestConfig}', contextInitializerClasses = '[]', activeProfiles = '{}', propertySourceLocations = '{}', propertySourceProperties = '{}', contextCustomizers = set[[empty]], resourceBasePath = 'src/main/webapp', contextLoader = 'org.springframework.test.context.web.WebDelegatingSmartContextLoader', parent = [null]]]
[2025-07-22 17:46:43][DEBUG][org.springframework.test.context.cache] - Spring test ApplicationContext cache statistics: [DefaultContextCache@3eda0aeb size = 1, maxSize = 32, parentContextCount = 0, hitCount = 76, missCount = 1]
[2025-07-22 17:46:43][DEBUG][org.springframework.test.web.servlet.TestDispatcherServlet] - GET "/mock/summary/analyze", parameters={masked}
[2025-07-22 17:46:43][DEBUG][org.springframework.web.servlet.mvc.method.annotation.RequestMappingHandlerMapping] - Mapped to com.gpt.meetingnotes.summary.mock.TestWebMockController#analyze(AnalyzeRequest, Model)
[2025-07-22 17:46:43][DEBUG][org.springframework.web.servlet.view.JstlView] - View name 'summary/analyze', model {analyzeRequest=com.gpt.meetingnotes.summary.dto.AnalyzeRequest@7cdbaa50, org.springframework.validation.BindingResult.analyzeRequest=org.springframework.validation.BeanPropertyBindingResult: 0 errors}
[2025-07-22 17:46:43][DEBUG][org.springframework.web.servlet.view.JstlView] - Forwarding to [/WEB-INF/views/summary/analyze.jsp]
[2025-07-22 17:46:43][DEBUG][org.springframework.mock.web.MockRequestDispatcher] - MockRequestDispatcher: forwarding to [/WEB-INF/views/summary/analyze.jsp]
[2025-07-22 17:46:43][DEBUG][org.springframework.test.web.servlet.TestDispatcherServlet] - Completed 200 OK
[2025-07-22 17:46:43][DEBUG][org.springframework.test.context.cache.DefaultCacheAwareContextLoaderDelegate] - Retrieved ApplicationContext [813823788] from cache with key [[WebMergedContextConfiguration@120d3fd testClass = TestWebControllerTest, locations = '{}', classes = '{class com.gpt.meetingnotes.summary.config.WebMvcTestConfig}', contextInitializerClasses = '[]', activeProfiles = '{}', propertySourceLocations = '{}', propertySourceProperties = '{}', contextCustomizers = set[[empty]], resourceBasePath = 'src/main/webapp', contextLoader = 'org.springframework.test.context.web.WebDelegatingSmartContextLoader', parent = [null]]]
[2025-07-22 17:46:43][DEBUG][org.springframework.test.context.cache] - Spring test ApplicationContext cache statistics: [DefaultContextCache@3eda0aeb size = 1, maxSize = 32, parentContextCount = 0, hitCount = 77, missCount = 1]
[2025-07-22 17:46:43][DEBUG][org.springframework.test.context.cache.DefaultCacheAwareContextLoaderDelegate] - Retrieved ApplicationContext [813823788] from cache with key [[WebMergedContextConfiguration@120d3fd testClass = TestWebControllerTest, locations = '{}', classes = '{class com.gpt.meetingnotes.summary.config.WebMvcTestConfig}', contextInitializerClasses = '[]', activeProfiles = '{}', propertySourceLocations = '{}', propertySourceProperties = '{}', contextCustomizers = set[[empty]], resourceBasePath = 'src/main/webapp', contextLoader = 'org.springframework.test.context.web.WebDelegatingSmartContextLoader', parent = [null]]]
[2025-07-22 17:46:43][DEBUG][org.springframework.test.context.cache] - Spring test ApplicationContext cache statistics: [DefaultContextCache@3eda0aeb size = 1, maxSize = 32, parentContextCount = 0, hitCount = 78, missCount = 1]
[2025-07-22 17:46:43][DEBUG][org.springframework.test.context.support.AbstractDirtiesContextTestExecutionListener] - After test method: context [DefaultTestContext@63a28987 testClass = TestWebControllerTest, testInstance = com.gpt.meetingnotes.summary.controller.TestWebControllerTest@e146f93, testMethod = testAnalyzepage@TestWebControllerTest, testException = [null], mergedContextConfiguration = [WebMergedContextConfiguration@120d3fd testClass = TestWebControllerTest, locations = '{}', classes = '{class com.gpt.meetingnotes.summary.config.WebMvcTestConfig}', contextInitializerClasses = '[]', activeProfiles = '{}', propertySourceLocations = '{}', propertySourceProperties = '{}', contextCustomizers = set[[empty]], resourceBasePath = 'src/main/webapp', contextLoader = 'org.springframework.test.context.web.WebDelegatingSmartContextLoader', parent = [null]], attributes = map['org.springframework.test.context.web.ServletTestExecutionListener.populatedRequestContextHolder' -> true, 'org.springframework.test.context.web.ServletTestExecutionListener.resetRequestContextHolder' -> true, 'org.springframework.test.context.event.ApplicationEventsTestExecutionListener.recordApplicationEvents' -> false]], class annotated with @DirtiesContext [false] with mode [null], method annotated with @DirtiesContext [false] with mode [null].
[2025-07-22 17:46:43][DEBUG][org.springframework.test.context.web.ServletTestExecutionListener] - Resetting RequestContextHolder for test context [DefaultTestContext@63a28987 testClass = TestWebControllerTest, testInstance = com.gpt.meetingnotes.summary.controller.TestWebControllerTest@e146f93, testMethod = testAnalyzepage@TestWebControllerTest, testException = [null], mergedContextConfiguration = [WebMergedContextConfiguration@120d3fd testClass = TestWebControllerTest, locations = '{}', classes = '{class com.gpt.meetingnotes.summary.config.WebMvcTestConfig}', contextInitializerClasses = '[]', activeProfiles = '{}', propertySourceLocations = '{}', propertySourceProperties = '{}', contextCustomizers = set[[empty]], resourceBasePath = 'src/main/webapp', contextLoader = 'org.springframework.test.context.web.WebDelegatingSmartContextLoader', parent = [null]], attributes = map['org.springframework.test.context.web.ServletTestExecutionListener.populatedRequestContextHolder' -> true, 'org.springframework.test.context.web.ServletTestExecutionListener.resetRequestContextHolder' -> true, 'org.springframework.test.context.event.ApplicationEventsTestExecutionListener.recordApplicationEvents' -> false]].
]]></system-out>
  </testcase>
  <testcase name="testNullPointerView" classname="com.gpt.meetingnotes.summary.controller.TestWebControllerTest" time="0.011">
    <failure message="Request attribute &apos;errorCode&apos; expected:&lt;NULL_POINTER&gt; but was:&lt;S630&gt;" type="java.lang.AssertionError"><![CDATA[java.lang.AssertionError: Request attribute 'errorCode' expected:<NULL_POINTER> but was:<S630>
	at org.springframework.test.util.AssertionErrors.fail(AssertionErrors.java:59)
	at org.springframework.test.util.AssertionErrors.assertEquals(AssertionErrors.java:122)
	at org.springframework.test.web.servlet.result.RequestResultMatchers.lambda$attribute$5(RequestResultMatchers.java:126)
	at org.springframework.test.web.servlet.MockMvc$1.andExpect(MockMvc.java:214)
	at com.gpt.meetingnotes.summary.controller.TestWebControllerTest.testNullPointerView(TestWebControllerTest.java:77)
	at java.lang.reflect.Method.invoke(Method.java:498)
	at java.util.ArrayList.forEach(ArrayList.java:1259)
	at java.util.ArrayList.forEach(ArrayList.java:1259)
]]></failure>
    <system-out><![CDATA[[2025-07-22 17:46:43][DEBUG][org.springframework.test.context.cache.DefaultCacheAwareContextLoaderDelegate] - Retrieved ApplicationContext [813823788] from cache with key [[WebMergedContextConfiguration@120d3fd testClass = TestWebControllerTest, locations = '{}', classes = '{class com.gpt.meetingnotes.summary.config.WebMvcTestConfig}', contextInitializerClasses = '[]', activeProfiles = '{}', propertySourceLocations = '{}', propertySourceProperties = '{}', contextCustomizers = set[[empty]], resourceBasePath = 'src/main/webapp', contextLoader = 'org.springframework.test.context.web.WebDelegatingSmartContextLoader', parent = [null]]]
[2025-07-22 17:46:43][DEBUG][org.springframework.test.context.cache] - Spring test ApplicationContext cache statistics: [DefaultContextCache@3eda0aeb size = 1, maxSize = 32, parentContextCount = 0, hitCount = 79, missCount = 1]
[2025-07-22 17:46:43][DEBUG][org.springframework.test.context.web.ServletTestExecutionListener] - Setting up MockHttpServletRequest, MockHttpServletResponse, ServletWebRequest, and RequestContextHolder for test context [DefaultTestContext@63a28987 testClass = TestWebControllerTest, testInstance = com.gpt.meetingnotes.summary.controller.TestWebControllerTest@39909d1a, testMethod = [null], testException = [null], mergedContextConfiguration = [WebMergedContextConfiguration@120d3fd testClass = TestWebControllerTest, locations = '{}', classes = '{class com.gpt.meetingnotes.summary.config.WebMvcTestConfig}', contextInitializerClasses = '[]', activeProfiles = '{}', propertySourceLocations = '{}', propertySourceProperties = '{}', contextCustomizers = set[[empty]], resourceBasePath = 'src/main/webapp', contextLoader = 'org.springframework.test.context.web.WebDelegatingSmartContextLoader', parent = [null]], attributes = map['org.springframework.test.context.event.ApplicationEventsTestExecutionListener.recordApplicationEvents' -> false, 'org.springframework.test.context.support.DependencyInjectionTestExecutionListener.reinjectDependencies' -> true]].
[2025-07-22 17:46:43][DEBUG][org.springframework.test.context.support.DependencyInjectionTestExecutionListener] - Performing dependency injection for test context [[DefaultTestContext@63a28987 testClass = TestWebControllerTest, testInstance = com.gpt.meetingnotes.summary.controller.TestWebControllerTest@39909d1a, testMethod = [null], testException = [null], mergedContextConfiguration = [WebMergedContextConfiguration@120d3fd testClass = TestWebControllerTest, locations = '{}', classes = '{class com.gpt.meetingnotes.summary.config.WebMvcTestConfig}', contextInitializerClasses = '[]', activeProfiles = '{}', propertySourceLocations = '{}', propertySourceProperties = '{}', contextCustomizers = set[[empty]], resourceBasePath = 'src/main/webapp', contextLoader = 'org.springframework.test.context.web.WebDelegatingSmartContextLoader', parent = [null]], attributes = map['org.springframework.test.context.web.ServletTestExecutionListener.populatedRequestContextHolder' -> true, 'org.springframework.test.context.web.ServletTestExecutionListener.resetRequestContextHolder' -> true, 'org.springframework.test.context.event.ApplicationEventsTestExecutionListener.recordApplicationEvents' -> false, 'org.springframework.test.context.support.DependencyInjectionTestExecutionListener.reinjectDependencies' -> true]]].
[2025-07-22 17:46:43][DEBUG][org.springframework.test.context.cache.DefaultCacheAwareContextLoaderDelegate] - Retrieved ApplicationContext [813823788] from cache with key [[WebMergedContextConfiguration@120d3fd testClass = TestWebControllerTest, locations = '{}', classes = '{class com.gpt.meetingnotes.summary.config.WebMvcTestConfig}', contextInitializerClasses = '[]', activeProfiles = '{}', propertySourceLocations = '{}', propertySourceProperties = '{}', contextCustomizers = set[[empty]], resourceBasePath = 'src/main/webapp', contextLoader = 'org.springframework.test.context.web.WebDelegatingSmartContextLoader', parent = [null]]]
[2025-07-22 17:46:43][DEBUG][org.springframework.test.context.cache] - Spring test ApplicationContext cache statistics: [DefaultContextCache@3eda0aeb size = 1, maxSize = 32, parentContextCount = 0, hitCount = 80, missCount = 1]
[2025-07-22 17:46:43][DEBUG][org.springframework.test.context.cache.DefaultCacheAwareContextLoaderDelegate] - Retrieved ApplicationContext [813823788] from cache with key [[WebMergedContextConfiguration@120d3fd testClass = TestWebControllerTest, locations = '{}', classes = '{class com.gpt.meetingnotes.summary.config.WebMvcTestConfig}', contextInitializerClasses = '[]', activeProfiles = '{}', propertySourceLocations = '{}', propertySourceProperties = '{}', contextCustomizers = set[[empty]], resourceBasePath = 'src/main/webapp', contextLoader = 'org.springframework.test.context.web.WebDelegatingSmartContextLoader', parent = [null]]]
[2025-07-22 17:46:43][DEBUG][org.springframework.test.context.cache] - Spring test ApplicationContext cache statistics: [DefaultContextCache@3eda0aeb size = 1, maxSize = 32, parentContextCount = 0, hitCount = 81, missCount = 1]
[2025-07-22 17:46:43][DEBUG][org.springframework.test.context.support.AbstractDirtiesContextTestExecutionListener] - Before test method: context [DefaultTestContext@63a28987 testClass = TestWebControllerTest, testInstance = com.gpt.meetingnotes.summary.controller.TestWebControllerTest@39909d1a, testMethod = testNullPointerView@TestWebControllerTest, testException = [null], mergedContextConfiguration = [WebMergedContextConfiguration@120d3fd testClass = TestWebControllerTest, locations = '{}', classes = '{class com.gpt.meetingnotes.summary.config.WebMvcTestConfig}', contextInitializerClasses = '[]', activeProfiles = '{}', propertySourceLocations = '{}', propertySourceProperties = '{}', contextCustomizers = set[[empty]], resourceBasePath = 'src/main/webapp', contextLoader = 'org.springframework.test.context.web.WebDelegatingSmartContextLoader', parent = [null]], attributes = map['org.springframework.test.context.web.ServletTestExecutionListener.populatedRequestContextHolder' -> true, 'org.springframework.test.context.web.ServletTestExecutionListener.resetRequestContextHolder' -> true, 'org.springframework.test.context.event.ApplicationEventsTestExecutionListener.recordApplicationEvents' -> false]], class annotated with @DirtiesContext [false] with mode [null], method annotated with @DirtiesContext [false] with mode [null].
[2025-07-22 17:46:43][DEBUG][org.springframework.test.context.cache.DefaultCacheAwareContextLoaderDelegate] - Retrieved ApplicationContext [813823788] from cache with key [[WebMergedContextConfiguration@120d3fd testClass = TestWebControllerTest, locations = '{}', classes = '{class com.gpt.meetingnotes.summary.config.WebMvcTestConfig}', contextInitializerClasses = '[]', activeProfiles = '{}', propertySourceLocations = '{}', propertySourceProperties = '{}', contextCustomizers = set[[empty]], resourceBasePath = 'src/main/webapp', contextLoader = 'org.springframework.test.context.web.WebDelegatingSmartContextLoader', parent = [null]]]
[2025-07-22 17:46:43][DEBUG][org.springframework.test.context.cache] - Spring test ApplicationContext cache statistics: [DefaultContextCache@3eda0aeb size = 1, maxSize = 32, parentContextCount = 0, hitCount = 82, missCount = 1]
[2025-07-22 17:46:43][INFO ][org.springframework.mock.web.MockServletContext] - Initializing Spring TestDispatcherServlet ''
[2025-07-22 17:46:43][INFO ][org.springframework.test.web.servlet.TestDispatcherServlet] - Initializing Servlet ''
[2025-07-22 17:46:43][DEBUG][org.springframework.test.web.servlet.TestDispatcherServlet] - Detected AcceptHeaderLocaleResolver
[2025-07-22 17:46:43][DEBUG][org.springframework.test.web.servlet.TestDispatcherServlet] - Detected FixedThemeResolver
[2025-07-22 17:46:43][DEBUG][org.springframework.test.web.servlet.TestDispatcherServlet] - Detected org.springframework.web.servlet.view.DefaultRequestToViewNameTranslator@71978f46
[2025-07-22 17:46:43][DEBUG][org.springframework.test.web.servlet.TestDispatcherServlet] - Detected org.springframework.web.servlet.support.SessionFlashMapManager@304d0259
[2025-07-22 17:46:43][DEBUG][org.springframework.test.web.servlet.TestDispatcherServlet] - enableLoggingRequestDetails='false': request parameters and headers will be masked to prevent unsafe logging of potentially sensitive data
[2025-07-22 17:46:43][INFO ][org.springframework.test.web.servlet.TestDispatcherServlet] - Completed initialization in 1 ms
[2025-07-22 17:46:43][DEBUG][org.springframework.test.context.cache.DefaultCacheAwareContextLoaderDelegate] - Retrieved ApplicationContext [813823788] from cache with key [[WebMergedContextConfiguration@120d3fd testClass = TestWebControllerTest, locations = '{}', classes = '{class com.gpt.meetingnotes.summary.config.WebMvcTestConfig}', contextInitializerClasses = '[]', activeProfiles = '{}', propertySourceLocations = '{}', propertySourceProperties = '{}', contextCustomizers = set[[empty]], resourceBasePath = 'src/main/webapp', contextLoader = 'org.springframework.test.context.web.WebDelegatingSmartContextLoader', parent = [null]]]
[2025-07-22 17:46:43][DEBUG][org.springframework.test.context.cache] - Spring test ApplicationContext cache statistics: [DefaultContextCache@3eda0aeb size = 1, maxSize = 32, parentContextCount = 0, hitCount = 83, missCount = 1]
[2025-07-22 17:46:43][DEBUG][org.springframework.test.web.servlet.TestDispatcherServlet] - GET "/mock/summary/null", parameters={}
[2025-07-22 17:46:43][DEBUG][org.springframework.web.servlet.mvc.method.annotation.RequestMappingHandlerMapping] - Mapped to com.gpt.meetingnotes.summary.mock.TestWebMockController#triggerNullPointer()
[2025-07-22 17:46:43][DEBUG][org.springframework.web.servlet.mvc.method.annotation.ExceptionHandlerExceptionResolver] - Using @ExceptionHandler com.gpt.meetingnotes.common.advice.GlobalWebExceptionHandler#handleGenericException(Exception, HttpServletRequest, Locale)
[2025-07-22 17:46:43][ERROR][com.gpt.meetingnotes.common.advice.GlobalWebExceptionHandler] - [Web-Exception] code=S630, message=  null  ., exception=java.lang.NullPointerException
java.lang.NullPointerException: null
	at com.gpt.meetingnotes.summary.mock.TestWebMockController.triggerNullPointer(TestWebMockController.java:54) ~[test-classes/:?]
	at sun.reflect.NativeMethodAccessorImpl.invoke0(Native Method) ~[?:1.8.0_332]
	at sun.reflect.NativeMethodAccessorImpl.invoke(NativeMethodAccessorImpl.java:62) ~[?:1.8.0_332]
	at sun.reflect.DelegatingMethodAccessorImpl.invoke(DelegatingMethodAccessorImpl.java:43) ~[?:1.8.0_332]
	at java.lang.reflect.Method.invoke(Method.java:498) ~[?:1.8.0_332]
	at org.springframework.web.method.support.InvocableHandlerMethod.doInvoke(InvocableHandlerMethod.java:205) ~[spring-web-5.3.39.jar:5.3.39]
	at org.springframework.web.method.support.InvocableHandlerMethod.invokeForRequest(InvocableHandlerMethod.java:150) ~[spring-web-5.3.39.jar:5.3.39]
	at org.springframework.web.servlet.mvc.method.annotation.ServletInvocableHandlerMethod.invokeAndHandle(ServletInvocableHandlerMethod.java:117) ~[spring-webmvc-5.3.39.jar:5.3.39]
	at org.springframework.web.servlet.mvc.method.annotation.RequestMappingHandlerAdapter.invokeHandlerMethod(RequestMappingHandlerAdapter.java:903) ~[spring-webmvc-5.3.39.jar:5.3.39]
	at org.springframework.web.servlet.mvc.method.annotation.RequestMappingHandlerAdapter.handleInternal(RequestMappingHandlerAdapter.java:809) ~[spring-webmvc-5.3.39.jar:5.3.39]
	at org.springframework.web.servlet.mvc.method.AbstractHandlerMethodAdapter.handle(AbstractHandlerMethodAdapter.java:87) ~[spring-webmvc-5.3.39.jar:5.3.39]
	at org.springframework.web.servlet.DispatcherServlet.doDispatch(DispatcherServlet.java:1072) ~[spring-webmvc-5.3.39.jar:5.3.39]
	at org.springframework.web.servlet.DispatcherServlet.doService(DispatcherServlet.java:965) ~[spring-webmvc-5.3.39.jar:5.3.39]
	at org.springframework.web.servlet.FrameworkServlet.processRequest(FrameworkServlet.java:1006) ~[spring-webmvc-5.3.39.jar:5.3.39]
	at org.springframework.web.servlet.FrameworkServlet.doGet(FrameworkServlet.java:898) ~[spring-webmvc-5.3.39.jar:5.3.39]
	at javax.servlet.http.HttpServlet.service(HttpServlet.java:687) ~[javax.servlet-api-3.1.0.jar:3.1.0]
	at org.springframework.web.servlet.FrameworkServlet.service(FrameworkServlet.java:883) ~[spring-webmvc-5.3.39.jar:5.3.39]
	at org.springframework.test.web.servlet.TestDispatcherServlet.service(TestDispatcherServlet.java:72) ~[spring-test-5.3.39.jar:5.3.39]
	at javax.servlet.http.HttpServlet.service(HttpServlet.java:790) ~[javax.servlet-api-3.1.0.jar:3.1.0]
	at org.springframework.mock.web.MockFilterChain$ServletFilterProxy.doFilter(MockFilterChain.java:167) ~[spring-test-5.3.39.jar:5.3.39]
	at org.springframework.mock.web.MockFilterChain.doFilter(MockFilterChain.java:134) ~[spring-test-5.3.39.jar:5.3.39]
	at org.springframework.web.filter.CharacterEncodingFilter.doFilterInternal(CharacterEncodingFilter.java:201) ~[spring-web-5.3.39.jar:5.3.39]
	at org.springframework.web.filter.OncePerRequestFilter.doFilter(OncePerRequestFilter.java:117) ~[spring-web-5.3.39.jar:5.3.39]
	at org.springframework.mock.web.MockFilterChain.doFilter(MockFilterChain.java:134) ~[spring-test-5.3.39.jar:5.3.39]
	at org.springframework.test.web.servlet.MockMvc.perform(MockMvc.java:201) ~[spring-test-5.3.39.jar:5.3.39]
	at com.gpt.meetingnotes.summary.controller.TestWebControllerTest.testNullPointerView(TestWebControllerTest.java:75) ~[test-classes/:?]
	at sun.reflect.NativeMethodAccessorImpl.invoke0(Native Method) ~[?:1.8.0_332]
	at sun.reflect.NativeMethodAccessorImpl.invoke(NativeMethodAccessorImpl.java:62) ~[?:1.8.0_332]
	at sun.reflect.DelegatingMethodAccessorImpl.invoke(DelegatingMethodAccessorImpl.java:43) ~[?:1.8.0_332]
	at java.lang.reflect.Method.invoke(Method.java:498) ~[?:1.8.0_332]
	at org.junit.platform.commons.util.ReflectionUtils.invokeMethod(ReflectionUtils.java:728) ~[junit-platform-commons-1.10.0.jar:1.10.0]
	at org.junit.jupiter.engine.execution.MethodInvocation.proceed(MethodInvocation.java:60) ~[junit-jupiter-engine-5.10.0.jar:5.10.0]
	at org.junit.jupiter.engine.execution.InvocationInterceptorChain$ValidatingInvocation.proceed(InvocationInterceptorChain.java:131) ~[junit-jupiter-engine-5.10.0.jar:5.10.0]
	at org.junit.jupiter.engine.extension.TimeoutExtension.intercept(TimeoutExtension.java:156) ~[junit-jupiter-engine-5.10.0.jar:5.10.0]
	at org.junit.jupiter.engine.extension.TimeoutExtension.interceptTestableMethod(TimeoutExtension.java:147) ~[junit-jupiter-engine-5.10.0.jar:5.10.0]
	at org.junit.jupiter.engine.extension.TimeoutExtension.interceptTestMethod(TimeoutExtension.java:86) ~[junit-jupiter-engine-5.10.0.jar:5.10.0]
	at org.junit.jupiter.engine.execution.InterceptingExecutableInvoker$ReflectiveInterceptorCall.lambda$ofVoidMethod$0(InterceptingExecutableInvoker.java:103) ~[junit-jupiter-engine-5.10.0.jar:5.10.0]
	at org.junit.jupiter.engine.execution.InterceptingExecutableInvoker.lambda$invoke$0(InterceptingExecutableInvoker.java:93) ~[junit-jupiter-engine-5.10.0.jar:5.10.0]
	at org.junit.jupiter.engine.execution.InvocationInterceptorChain$InterceptedInvocation.proceed(InvocationInterceptorChain.java:106) ~[junit-jupiter-engine-5.10.0.jar:5.10.0]
	at org.junit.jupiter.engine.execution.InvocationInterceptorChain.proceed(InvocationInterceptorChain.java:64) ~[junit-jupiter-engine-5.10.0.jar:5.10.0]
	at org.junit.jupiter.engine.execution.InvocationInterceptorChain.chainAndInvoke(InvocationInterceptorChain.java:45) ~[junit-jupiter-engine-5.10.0.jar:5.10.0]
	at org.junit.jupiter.engine.execution.InvocationInterceptorChain.invoke(InvocationInterceptorChain.java:37) ~[junit-jupiter-engine-5.10.0.jar:5.10.0]
	at org.junit.jupiter.engine.execution.InterceptingExecutableInvoker.invoke(InterceptingExecutableInvoker.java:92) ~[junit-jupiter-engine-5.10.0.jar:5.10.0]
	at org.junit.jupiter.engine.execution.InterceptingExecutableInvoker.invoke(InterceptingExecutableInvoker.java:86) ~[junit-jupiter-engine-5.10.0.jar:5.10.0]
	at org.junit.jupiter.engine.descriptor.TestMethodTestDescriptor.lambda$invokeTestMethod$7(TestMethodTestDescriptor.java:218) ~[junit-jupiter-engine-5.10.0.jar:5.10.0]
	at org.junit.platform.engine.support.hierarchical.ThrowableCollector.execute(ThrowableCollector.java:73) ~[junit-platform-engine-1.10.0.jar:1.10.0]
	at org.junit.jupiter.engine.descriptor.TestMethodTestDescriptor.invokeTestMethod(TestMethodTestDescriptor.java:214) ~[junit-jupiter-engine-5.10.0.jar:5.10.0]
	at org.junit.jupiter.engine.descriptor.TestMethodTestDescriptor.execute(TestMethodTestDescriptor.java:139) ~[junit-jupiter-engine-5.10.0.jar:5.10.0]
	at org.junit.jupiter.engine.descriptor.TestMethodTestDescriptor.execute(TestMethodTestDescriptor.java:69) ~[junit-jupiter-engine-5.10.0.jar:5.10.0]
	at org.junit.platform.engine.support.hierarchical.NodeTestTask.lambda$executeRecursively$6(NodeTestTask.java:151) ~[junit-platform-engine-1.10.0.jar:1.10.0]
	at org.junit.platform.engine.support.hierarchical.ThrowableCollector.execute(ThrowableCollector.java:73) ~[junit-platform-engine-1.10.0.jar:1.10.0]
	at org.junit.platform.engine.support.hierarchical.NodeTestTask.lambda$executeRecursively$8(NodeTestTask.java:141) ~[junit-platform-engine-1.10.0.jar:1.10.0]
	at org.junit.platform.engine.support.hierarchical.Node.around(Node.java:137) ~[junit-platform-engine-1.10.0.jar:1.10.0]
	at org.junit.platform.engine.support.hierarchical.NodeTestTask.lambda$executeRecursively$9(NodeTestTask.java:139) ~[junit-platform-engine-1.10.0.jar:1.10.0]
	at org.junit.platform.engine.support.hierarchical.ThrowableCollector.execute(ThrowableCollector.java:73) ~[junit-platform-engine-1.10.0.jar:1.10.0]
	at org.junit.platform.engine.support.hierarchical.NodeTestTask.executeRecursively(NodeTestTask.java:138) ~[junit-platform-engine-1.10.0.jar:1.10.0]
	at org.junit.platform.engine.support.hierarchical.NodeTestTask.execute(NodeTestTask.java:95) ~[junit-platform-engine-1.10.0.jar:1.10.0]
	at java.util.ArrayList.forEach(ArrayList.java:1259) ~[?:1.8.0_332]
	at org.junit.platform.engine.support.hierarchical.SameThreadHierarchicalTestExecutorService.invokeAll(SameThreadHierarchicalTestExecutorService.java:41) ~[junit-platform-engine-1.10.0.jar:1.10.0]
	at org.junit.platform.engine.support.hierarchical.NodeTestTask.lambda$executeRecursively$6(NodeTestTask.java:155) ~[junit-platform-engine-1.10.0.jar:1.10.0]
	at org.junit.platform.engine.support.hierarchical.ThrowableCollector.execute(ThrowableCollector.java:73) ~[junit-platform-engine-1.10.0.jar:1.10.0]
	at org.junit.platform.engine.support.hierarchical.NodeTestTask.lambda$executeRecursively$8(NodeTestTask.java:141) ~[junit-platform-engine-1.10.0.jar:1.10.0]
	at org.junit.platform.engine.support.hierarchical.Node.around(Node.java:137) ~[junit-platform-engine-1.10.0.jar:1.10.0]
	at org.junit.platform.engine.support.hierarchical.NodeTestTask.lambda$executeRecursively$9(NodeTestTask.java:139) ~[junit-platform-engine-1.10.0.jar:1.10.0]
	at org.junit.platform.engine.support.hierarchical.ThrowableCollector.execute(ThrowableCollector.java:73) ~[junit-platform-engine-1.10.0.jar:1.10.0]
	at org.junit.platform.engine.support.hierarchical.NodeTestTask.executeRecursively(NodeTestTask.java:138) ~[junit-platform-engine-1.10.0.jar:1.10.0]
	at org.junit.platform.engine.support.hierarchical.NodeTestTask.execute(NodeTestTask.java:95) ~[junit-platform-engine-1.10.0.jar:1.10.0]
	at java.util.ArrayList.forEach(ArrayList.java:1259) ~[?:1.8.0_332]
	at org.junit.platform.engine.support.hierarchical.SameThreadHierarchicalTestExecutorService.invokeAll(SameThreadHierarchicalTestExecutorService.java:41) ~[junit-platform-engine-1.10.0.jar:1.10.0]
	at org.junit.platform.engine.support.hierarchical.NodeTestTask.lambda$executeRecursively$6(NodeTestTask.java:155) ~[junit-platform-engine-1.10.0.jar:1.10.0]
	at org.junit.platform.engine.support.hierarchical.ThrowableCollector.execute(ThrowableCollector.java:73) ~[junit-platform-engine-1.10.0.jar:1.10.0]
	at org.junit.platform.engine.support.hierarchical.NodeTestTask.lambda$executeRecursively$8(NodeTestTask.java:141) ~[junit-platform-engine-1.10.0.jar:1.10.0]
	at org.junit.platform.engine.support.hierarchical.Node.around(Node.java:137) ~[junit-platform-engine-1.10.0.jar:1.10.0]
	at org.junit.platform.engine.support.hierarchical.NodeTestTask.lambda$executeRecursively$9(NodeTestTask.java:139) ~[junit-platform-engine-1.10.0.jar:1.10.0]
	at org.junit.platform.engine.support.hierarchical.ThrowableCollector.execute(ThrowableCollector.java:73) ~[junit-platform-engine-1.10.0.jar:1.10.0]
	at org.junit.platform.engine.support.hierarchical.NodeTestTask.executeRecursively(NodeTestTask.java:138) ~[junit-platform-engine-1.10.0.jar:1.10.0]
	at org.junit.platform.engine.support.hierarchical.NodeTestTask.execute(NodeTestTask.java:95) ~[junit-platform-engine-1.10.0.jar:1.10.0]
	at org.junit.platform.engine.support.hierarchical.SameThreadHierarchicalTestExecutorService.submit(SameThreadHierarchicalTestExecutorService.java:35) ~[junit-platform-engine-1.10.0.jar:1.10.0]
	at org.junit.platform.engine.support.hierarchical.HierarchicalTestExecutor.execute(HierarchicalTestExecutor.java:57) ~[junit-platform-engine-1.10.0.jar:1.10.0]
	at org.junit.platform.engine.support.hierarchical.HierarchicalTestEngine.execute(HierarchicalTestEngine.java:54) ~[junit-platform-engine-1.10.0.jar:1.10.0]
	at org.junit.platform.launcher.core.EngineExecutionOrchestrator.execute(EngineExecutionOrchestrator.java:198) ~[junit-platform-launcher-1.10.0.jar:1.10.0]
	at org.junit.platform.launcher.core.EngineExecutionOrchestrator.execute(EngineExecutionOrchestrator.java:169) ~[junit-platform-launcher-1.10.0.jar:1.10.0]
	at org.junit.platform.launcher.core.EngineExecutionOrchestrator.execute(EngineExecutionOrchestrator.java:93) ~[junit-platform-launcher-1.10.0.jar:1.10.0]
	at org.junit.platform.launcher.core.EngineExecutionOrchestrator.lambda$execute$0(EngineExecutionOrchestrator.java:58) ~[junit-platform-launcher-1.10.0.jar:1.10.0]
	at org.junit.platform.launcher.core.EngineExecutionOrchestrator.withInterceptedStreams(EngineExecutionOrchestrator.java:141) [junit-platform-launcher-1.10.0.jar:1.10.0]
	at org.junit.platform.launcher.core.EngineExecutionOrchestrator.execute(EngineExecutionOrchestrator.java:57) [junit-platform-launcher-1.10.0.jar:1.10.0]
	at org.junit.platform.launcher.core.DefaultLauncher.execute(DefaultLauncher.java:103) [junit-platform-launcher-1.10.0.jar:1.10.0]
	at org.junit.platform.launcher.core.DefaultLauncher.execute(DefaultLauncher.java:85) [junit-platform-launcher-1.10.0.jar:1.10.0]
	at org.junit.platform.launcher.core.DelegatingLauncher.execute(DelegatingLauncher.java:47) [junit-platform-launcher-1.10.0.jar:1.10.0]
	at org.apache.maven.surefire.junitplatform.LazyLauncher.execute(LazyLauncher.java:56) [surefire-junit-platform-3.2.5.jar:3.2.5]
	at org.apache.maven.surefire.junitplatform.JUnitPlatformProvider.execute(JUnitPlatformProvider.java:184) [surefire-junit-platform-3.2.5.jar:3.2.5]
	at org.apache.maven.surefire.junitplatform.JUnitPlatformProvider.invokeAllTests(JUnitPlatformProvider.java:148) [surefire-junit-platform-3.2.5.jar:3.2.5]
	at org.apache.maven.surefire.junitplatform.JUnitPlatformProvider.invoke(JUnitPlatformProvider.java:122) [surefire-junit-platform-3.2.5.jar:3.2.5]
	at org.apache.maven.surefire.booter.ForkedBooter.runSuitesInProcess(ForkedBooter.java:385) [surefire-booter-3.2.5.jar:3.2.5]
	at org.apache.maven.surefire.booter.ForkedBooter.execute(ForkedBooter.java:162) [surefire-booter-3.2.5.jar:3.2.5]
	at org.apache.maven.surefire.booter.ForkedBooter.run(ForkedBooter.java:507) [surefire-booter-3.2.5.jar:3.2.5]
	at org.apache.maven.surefire.booter.ForkedBooter.main(ForkedBooter.java:495) [surefire-booter-3.2.5.jar:3.2.5]
[2025-07-22 17:46:43][DEBUG][org.springframework.web.servlet.mvc.method.annotation.ExceptionHandlerExceptionResolver] - Resolved [java.lang.NullPointerException] to ModelAndView [view="error/serviceError"; model={}]
[2025-07-22 17:46:43][DEBUG][org.springframework.test.web.servlet.TestDispatcherServlet] - Using resolved error view: ModelAndView [view="error/serviceError"; model={}]
[2025-07-22 17:46:43][DEBUG][org.springframework.web.servlet.view.JstlView] - View name 'error/serviceError', model {}
[2025-07-22 17:46:43][DEBUG][org.springframework.web.servlet.view.JstlView] - Forwarding to [/WEB-INF/views/error/serviceError.jsp]
[2025-07-22 17:46:43][DEBUG][org.springframework.mock.web.MockRequestDispatcher] - MockRequestDispatcher: forwarding to [/WEB-INF/views/error/serviceError.jsp]
[2025-07-22 17:46:43][DEBUG][org.springframework.test.web.servlet.TestDispatcherServlet] - Completed 200 OK
[2025-07-22 17:46:43][DEBUG][org.springframework.test.context.cache.DefaultCacheAwareContextLoaderDelegate] - Retrieved ApplicationContext [813823788] from cache with key [[WebMergedContextConfiguration@120d3fd testClass = TestWebControllerTest, locations = '{}', classes = '{class com.gpt.meetingnotes.summary.config.WebMvcTestConfig}', contextInitializerClasses = '[]', activeProfiles = '{}', propertySourceLocations = '{}', propertySourceProperties = '{}', contextCustomizers = set[[empty]], resourceBasePath = 'src/main/webapp', contextLoader = 'org.springframework.test.context.web.WebDelegatingSmartContextLoader', parent = [null]]]
[2025-07-22 17:46:43][DEBUG][org.springframework.test.context.cache] - Spring test ApplicationContext cache statistics: [DefaultContextCache@3eda0aeb size = 1, maxSize = 32, parentContextCount = 0, hitCount = 84, missCount = 1]
[2025-07-22 17:46:43][DEBUG][org.springframework.test.context.cache.DefaultCacheAwareContextLoaderDelegate] - Retrieved ApplicationContext [813823788] from cache with key [[WebMergedContextConfiguration@120d3fd testClass = TestWebControllerTest, locations = '{}', classes = '{class com.gpt.meetingnotes.summary.config.WebMvcTestConfig}', contextInitializerClasses = '[]', activeProfiles = '{}', propertySourceLocations = '{}', propertySourceProperties = '{}', contextCustomizers = set[[empty]], resourceBasePath = 'src/main/webapp', contextLoader = 'org.springframework.test.context.web.WebDelegatingSmartContextLoader', parent = [null]]]
[2025-07-22 17:46:43][DEBUG][org.springframework.test.context.cache] - Spring test ApplicationContext cache statistics: [DefaultContextCache@3eda0aeb size = 1, maxSize = 32, parentContextCount = 0, hitCount = 85, missCount = 1]
[2025-07-22 17:46:43][DEBUG][org.springframework.test.context.support.AbstractDirtiesContextTestExecutionListener] - After test method: context [DefaultTestContext@63a28987 testClass = TestWebControllerTest, testInstance = com.gpt.meetingnotes.summary.controller.TestWebControllerTest@39909d1a, testMethod = testNullPointerView@TestWebControllerTest, testException = java.lang.AssertionError: Request attribute 'errorCode' expected:<NULL_POINTER> but was:<S630>, mergedContextConfiguration = [WebMergedContextConfiguration@120d3fd testClass = TestWebControllerTest, locations = '{}', classes = '{class com.gpt.meetingnotes.summary.config.WebMvcTestConfig}', contextInitializerClasses = '[]', activeProfiles = '{}', propertySourceLocations = '{}', propertySourceProperties = '{}', contextCustomizers = set[[empty]], resourceBasePath = 'src/main/webapp', contextLoader = 'org.springframework.test.context.web.WebDelegatingSmartContextLoader', parent = [null]], attributes = map['org.springframework.test.context.web.ServletTestExecutionListener.populatedRequestContextHolder' -> true, 'org.springframework.test.context.web.ServletTestExecutionListener.resetRequestContextHolder' -> true, 'org.springframework.test.context.event.ApplicationEventsTestExecutionListener.recordApplicationEvents' -> false]], class annotated with @DirtiesContext [false] with mode [null], method annotated with @DirtiesContext [false] with mode [null].
[2025-07-22 17:46:43][DEBUG][org.springframework.test.context.web.ServletTestExecutionListener] - Resetting RequestContextHolder for test context [DefaultTestContext@63a28987 testClass = TestWebControllerTest, testInstance = com.gpt.meetingnotes.summary.controller.TestWebControllerTest@39909d1a, testMethod = testNullPointerView@TestWebControllerTest, testException = java.lang.AssertionError: Request attribute 'errorCode' expected:<NULL_POINTER> but was:<S630>, mergedContextConfiguration = [WebMergedContextConfiguration@120d3fd testClass = TestWebControllerTest, locations = '{}', classes = '{class com.gpt.meetingnotes.summary.config.WebMvcTestConfig}', contextInitializerClasses = '[]', activeProfiles = '{}', propertySourceLocations = '{}', propertySourceProperties = '{}', contextCustomizers = set[[empty]], resourceBasePath = 'src/main/webapp', contextLoader = 'org.springframework.test.context.web.WebDelegatingSmartContextLoader', parent = [null]], attributes = map['org.springframework.test.context.web.ServletTestExecutionListener.populatedRequestContextHolder' -> true, 'org.springframework.test.context.web.ServletTestExecutionListener.resetRequestContextHolder' -> true, 'org.springframework.test.context.event.ApplicationEventsTestExecutionListener.recordApplicationEvents' -> false]].
]]></system-out>
  </testcase>
  <testcase name="testApplicationExceptionView" classname="com.gpt.meetingnotes.summary.controller.TestWebControllerTest" time="0.004">
    <failure message="Request attribute &apos;errorCode&apos; expected:&lt;SUMMARY_FAILED&gt; but was:&lt;S610&gt;" type="java.lang.AssertionError"><![CDATA[java.lang.AssertionError: Request attribute 'errorCode' expected:<SUMMARY_FAILED> but was:<S610>
	at org.springframework.test.util.AssertionErrors.fail(AssertionErrors.java:59)
	at org.springframework.test.util.AssertionErrors.assertEquals(AssertionErrors.java:122)
	at org.springframework.test.web.servlet.result.RequestResultMatchers.lambda$attribute$5(RequestResultMatchers.java:126)
	at org.springframework.test.web.servlet.MockMvc$1.andExpect(MockMvc.java:214)
	at com.gpt.meetingnotes.summary.controller.TestWebControllerTest.testApplicationExceptionView(TestWebControllerTest.java:68)
	at java.lang.reflect.Method.invoke(Method.java:498)
	at java.util.ArrayList.forEach(ArrayList.java:1259)
	at java.util.ArrayList.forEach(ArrayList.java:1259)
]]></failure>
    <system-out><![CDATA[[2025-07-22 17:46:43][DEBUG][org.springframework.test.context.cache.DefaultCacheAwareContextLoaderDelegate] - Retrieved ApplicationContext [813823788] from cache with key [[WebMergedContextConfiguration@120d3fd testClass = TestWebControllerTest, locations = '{}', classes = '{class com.gpt.meetingnotes.summary.config.WebMvcTestConfig}', contextInitializerClasses = '[]', activeProfiles = '{}', propertySourceLocations = '{}', propertySourceProperties = '{}', contextCustomizers = set[[empty]], resourceBasePath = 'src/main/webapp', contextLoader = 'org.springframework.test.context.web.WebDelegatingSmartContextLoader', parent = [null]]]
[2025-07-22 17:46:43][DEBUG][org.springframework.test.context.cache] - Spring test ApplicationContext cache statistics: [DefaultContextCache@3eda0aeb size = 1, maxSize = 32, parentContextCount = 0, hitCount = 86, missCount = 1]
[2025-07-22 17:46:43][DEBUG][org.springframework.test.context.web.ServletTestExecutionListener] - Setting up MockHttpServletRequest, MockHttpServletResponse, ServletWebRequest, and RequestContextHolder for test context [DefaultTestContext@63a28987 testClass = TestWebControllerTest, testInstance = com.gpt.meetingnotes.summary.controller.TestWebControllerTest@2e17a321, testMethod = [null], testException = [null], mergedContextConfiguration = [WebMergedContextConfiguration@120d3fd testClass = TestWebControllerTest, locations = '{}', classes = '{class com.gpt.meetingnotes.summary.config.WebMvcTestConfig}', contextInitializerClasses = '[]', activeProfiles = '{}', propertySourceLocations = '{}', propertySourceProperties = '{}', contextCustomizers = set[[empty]], resourceBasePath = 'src/main/webapp', contextLoader = 'org.springframework.test.context.web.WebDelegatingSmartContextLoader', parent = [null]], attributes = map['org.springframework.test.context.event.ApplicationEventsTestExecutionListener.recordApplicationEvents' -> false, 'org.springframework.test.context.support.DependencyInjectionTestExecutionListener.reinjectDependencies' -> true]].
[2025-07-22 17:46:43][DEBUG][org.springframework.test.context.support.DependencyInjectionTestExecutionListener] - Performing dependency injection for test context [[DefaultTestContext@63a28987 testClass = TestWebControllerTest, testInstance = com.gpt.meetingnotes.summary.controller.TestWebControllerTest@2e17a321, testMethod = [null], testException = [null], mergedContextConfiguration = [WebMergedContextConfiguration@120d3fd testClass = TestWebControllerTest, locations = '{}', classes = '{class com.gpt.meetingnotes.summary.config.WebMvcTestConfig}', contextInitializerClasses = '[]', activeProfiles = '{}', propertySourceLocations = '{}', propertySourceProperties = '{}', contextCustomizers = set[[empty]], resourceBasePath = 'src/main/webapp', contextLoader = 'org.springframework.test.context.web.WebDelegatingSmartContextLoader', parent = [null]], attributes = map['org.springframework.test.context.web.ServletTestExecutionListener.populatedRequestContextHolder' -> true, 'org.springframework.test.context.web.ServletTestExecutionListener.resetRequestContextHolder' -> true, 'org.springframework.test.context.event.ApplicationEventsTestExecutionListener.recordApplicationEvents' -> false, 'org.springframework.test.context.support.DependencyInjectionTestExecutionListener.reinjectDependencies' -> true]]].
[2025-07-22 17:46:43][DEBUG][org.springframework.test.context.cache.DefaultCacheAwareContextLoaderDelegate] - Retrieved ApplicationContext [813823788] from cache with key [[WebMergedContextConfiguration@120d3fd testClass = TestWebControllerTest, locations = '{}', classes = '{class com.gpt.meetingnotes.summary.config.WebMvcTestConfig}', contextInitializerClasses = '[]', activeProfiles = '{}', propertySourceLocations = '{}', propertySourceProperties = '{}', contextCustomizers = set[[empty]], resourceBasePath = 'src/main/webapp', contextLoader = 'org.springframework.test.context.web.WebDelegatingSmartContextLoader', parent = [null]]]
[2025-07-22 17:46:43][DEBUG][org.springframework.test.context.cache] - Spring test ApplicationContext cache statistics: [DefaultContextCache@3eda0aeb size = 1, maxSize = 32, parentContextCount = 0, hitCount = 87, missCount = 1]
[2025-07-22 17:46:43][DEBUG][org.springframework.test.context.cache.DefaultCacheAwareContextLoaderDelegate] - Retrieved ApplicationContext [813823788] from cache with key [[WebMergedContextConfiguration@120d3fd testClass = TestWebControllerTest, locations = '{}', classes = '{class com.gpt.meetingnotes.summary.config.WebMvcTestConfig}', contextInitializerClasses = '[]', activeProfiles = '{}', propertySourceLocations = '{}', propertySourceProperties = '{}', contextCustomizers = set[[empty]], resourceBasePath = 'src/main/webapp', contextLoader = 'org.springframework.test.context.web.WebDelegatingSmartContextLoader', parent = [null]]]
[2025-07-22 17:46:43][DEBUG][org.springframework.test.context.cache] - Spring test ApplicationContext cache statistics: [DefaultContextCache@3eda0aeb size = 1, maxSize = 32, parentContextCount = 0, hitCount = 88, missCount = 1]
[2025-07-22 17:46:43][DEBUG][org.springframework.test.context.support.AbstractDirtiesContextTestExecutionListener] - Before test method: context [DefaultTestContext@63a28987 testClass = TestWebControllerTest, testInstance = com.gpt.meetingnotes.summary.controller.TestWebControllerTest@2e17a321, testMethod = testApplicationExceptionView@TestWebControllerTest, testException = [null], mergedContextConfiguration = [WebMergedContextConfiguration@120d3fd testClass = TestWebControllerTest, locations = '{}', classes = '{class com.gpt.meetingnotes.summary.config.WebMvcTestConfig}', contextInitializerClasses = '[]', activeProfiles = '{}', propertySourceLocations = '{}', propertySourceProperties = '{}', contextCustomizers = set[[empty]], resourceBasePath = 'src/main/webapp', contextLoader = 'org.springframework.test.context.web.WebDelegatingSmartContextLoader', parent = [null]], attributes = map['org.springframework.test.context.web.ServletTestExecutionListener.populatedRequestContextHolder' -> true, 'org.springframework.test.context.web.ServletTestExecutionListener.resetRequestContextHolder' -> true, 'org.springframework.test.context.event.ApplicationEventsTestExecutionListener.recordApplicationEvents' -> false]], class annotated with @DirtiesContext [false] with mode [null], method annotated with @DirtiesContext [false] with mode [null].
[2025-07-22 17:46:43][DEBUG][org.springframework.test.context.cache.DefaultCacheAwareContextLoaderDelegate] - Retrieved ApplicationContext [813823788] from cache with key [[WebMergedContextConfiguration@120d3fd testClass = TestWebControllerTest, locations = '{}', classes = '{class com.gpt.meetingnotes.summary.config.WebMvcTestConfig}', contextInitializerClasses = '[]', activeProfiles = '{}', propertySourceLocations = '{}', propertySourceProperties = '{}', contextCustomizers = set[[empty]], resourceBasePath = 'src/main/webapp', contextLoader = 'org.springframework.test.context.web.WebDelegatingSmartContextLoader', parent = [null]]]
[2025-07-22 17:46:43][DEBUG][org.springframework.test.context.cache] - Spring test ApplicationContext cache statistics: [DefaultContextCache@3eda0aeb size = 1, maxSize = 32, parentContextCount = 0, hitCount = 89, missCount = 1]
[2025-07-22 17:46:43][INFO ][org.springframework.mock.web.MockServletContext] - Initializing Spring TestDispatcherServlet ''
[2025-07-22 17:46:43][INFO ][org.springframework.test.web.servlet.TestDispatcherServlet] - Initializing Servlet ''
[2025-07-22 17:46:43][DEBUG][org.springframework.test.web.servlet.TestDispatcherServlet] - Detected AcceptHeaderLocaleResolver
[2025-07-22 17:46:43][DEBUG][org.springframework.test.web.servlet.TestDispatcherServlet] - Detected FixedThemeResolver
[2025-07-22 17:46:43][DEBUG][org.springframework.test.web.servlet.TestDispatcherServlet] - Detected org.springframework.web.servlet.view.DefaultRequestToViewNameTranslator@71978f46
[2025-07-22 17:46:43][DEBUG][org.springframework.test.web.servlet.TestDispatcherServlet] - Detected org.springframework.web.servlet.support.SessionFlashMapManager@304d0259
[2025-07-22 17:46:43][DEBUG][org.springframework.test.web.servlet.TestDispatcherServlet] - enableLoggingRequestDetails='false': request parameters and headers will be masked to prevent unsafe logging of potentially sensitive data
[2025-07-22 17:46:43][INFO ][org.springframework.test.web.servlet.TestDispatcherServlet] - Completed initialization in 0 ms
[2025-07-22 17:46:43][DEBUG][org.springframework.test.context.cache.DefaultCacheAwareContextLoaderDelegate] - Retrieved ApplicationContext [813823788] from cache with key [[WebMergedContextConfiguration@120d3fd testClass = TestWebControllerTest, locations = '{}', classes = '{class com.gpt.meetingnotes.summary.config.WebMvcTestConfig}', contextInitializerClasses = '[]', activeProfiles = '{}', propertySourceLocations = '{}', propertySourceProperties = '{}', contextCustomizers = set[[empty]], resourceBasePath = 'src/main/webapp', contextLoader = 'org.springframework.test.context.web.WebDelegatingSmartContextLoader', parent = [null]]]
[2025-07-22 17:46:43][DEBUG][org.springframework.test.context.cache] - Spring test ApplicationContext cache statistics: [DefaultContextCache@3eda0aeb size = 1, maxSize = 32, parentContextCount = 0, hitCount = 90, missCount = 1]
[2025-07-22 17:46:43][DEBUG][org.springframework.test.web.servlet.TestDispatcherServlet] - GET "/mock/summary/exception", parameters={}
[2025-07-22 17:46:43][DEBUG][org.springframework.web.servlet.mvc.method.annotation.RequestMappingHandlerMapping] - Mapped to com.gpt.meetingnotes.summary.mock.TestWebMockController#triggerApplicationException()
[2025-07-22 17:46:43][DEBUG][org.springframework.web.servlet.mvc.method.annotation.ExceptionHandlerExceptionResolver] - Using @ExceptionHandler com.gpt.meetingnotes.common.advice.GlobalWebExceptionHandler#handleApplicationException(ApplicationException, HttpServletRequest, Locale)
[2025-07-22 17:46:43][ERROR][com.gpt.meetingnotes.common.advice.GlobalWebExceptionHandler] - [Web-ApplicationException] code=S610, message=  ., exception=com.gpt.meetingnotes.common.exception.ApplicationException: S610
com.gpt.meetingnotes.common.exception.ApplicationException: S610
	at com.gpt.meetingnotes.summary.mock.TestWebMockController.triggerApplicationException(TestWebMockController.java:48) ~[test-classes/:?]
	at sun.reflect.NativeMethodAccessorImpl.invoke0(Native Method) ~[?:1.8.0_332]
	at sun.reflect.NativeMethodAccessorImpl.invoke(NativeMethodAccessorImpl.java:62) ~[?:1.8.0_332]
	at sun.reflect.DelegatingMethodAccessorImpl.invoke(DelegatingMethodAccessorImpl.java:43) ~[?:1.8.0_332]
	at java.lang.reflect.Method.invoke(Method.java:498) ~[?:1.8.0_332]
	at org.springframework.web.method.support.InvocableHandlerMethod.doInvoke(InvocableHandlerMethod.java:205) ~[spring-web-5.3.39.jar:5.3.39]
	at org.springframework.web.method.support.InvocableHandlerMethod.invokeForRequest(InvocableHandlerMethod.java:150) ~[spring-web-5.3.39.jar:5.3.39]
	at org.springframework.web.servlet.mvc.method.annotation.ServletInvocableHandlerMethod.invokeAndHandle(ServletInvocableHandlerMethod.java:117) ~[spring-webmvc-5.3.39.jar:5.3.39]
	at org.springframework.web.servlet.mvc.method.annotation.RequestMappingHandlerAdapter.invokeHandlerMethod(RequestMappingHandlerAdapter.java:903) ~[spring-webmvc-5.3.39.jar:5.3.39]
	at org.springframework.web.servlet.mvc.method.annotation.RequestMappingHandlerAdapter.handleInternal(RequestMappingHandlerAdapter.java:809) ~[spring-webmvc-5.3.39.jar:5.3.39]
	at org.springframework.web.servlet.mvc.method.AbstractHandlerMethodAdapter.handle(AbstractHandlerMethodAdapter.java:87) ~[spring-webmvc-5.3.39.jar:5.3.39]
	at org.springframework.web.servlet.DispatcherServlet.doDispatch(DispatcherServlet.java:1072) ~[spring-webmvc-5.3.39.jar:5.3.39]
	at org.springframework.web.servlet.DispatcherServlet.doService(DispatcherServlet.java:965) ~[spring-webmvc-5.3.39.jar:5.3.39]
	at org.springframework.web.servlet.FrameworkServlet.processRequest(FrameworkServlet.java:1006) ~[spring-webmvc-5.3.39.jar:5.3.39]
	at org.springframework.web.servlet.FrameworkServlet.doGet(FrameworkServlet.java:898) ~[spring-webmvc-5.3.39.jar:5.3.39]
	at javax.servlet.http.HttpServlet.service(HttpServlet.java:687) ~[javax.servlet-api-3.1.0.jar:3.1.0]
	at org.springframework.web.servlet.FrameworkServlet.service(FrameworkServlet.java:883) ~[spring-webmvc-5.3.39.jar:5.3.39]
	at org.springframework.test.web.servlet.TestDispatcherServlet.service(TestDispatcherServlet.java:72) ~[spring-test-5.3.39.jar:5.3.39]
	at javax.servlet.http.HttpServlet.service(HttpServlet.java:790) ~[javax.servlet-api-3.1.0.jar:3.1.0]
	at org.springframework.mock.web.MockFilterChain$ServletFilterProxy.doFilter(MockFilterChain.java:167) ~[spring-test-5.3.39.jar:5.3.39]
	at org.springframework.mock.web.MockFilterChain.doFilter(MockFilterChain.java:134) ~[spring-test-5.3.39.jar:5.3.39]
	at org.springframework.web.filter.CharacterEncodingFilter.doFilterInternal(CharacterEncodingFilter.java:201) ~[spring-web-5.3.39.jar:5.3.39]
	at org.springframework.web.filter.OncePerRequestFilter.doFilter(OncePerRequestFilter.java:117) ~[spring-web-5.3.39.jar:5.3.39]
	at org.springframework.mock.web.MockFilterChain.doFilter(MockFilterChain.java:134) ~[spring-test-5.3.39.jar:5.3.39]
	at org.springframework.test.web.servlet.MockMvc.perform(MockMvc.java:201) ~[spring-test-5.3.39.jar:5.3.39]
	at com.gpt.meetingnotes.summary.controller.TestWebControllerTest.testApplicationExceptionView(TestWebControllerTest.java:66) ~[test-classes/:?]
	at sun.reflect.NativeMethodAccessorImpl.invoke0(Native Method) ~[?:1.8.0_332]
	at sun.reflect.NativeMethodAccessorImpl.invoke(NativeMethodAccessorImpl.java:62) ~[?:1.8.0_332]
	at sun.reflect.DelegatingMethodAccessorImpl.invoke(DelegatingMethodAccessorImpl.java:43) ~[?:1.8.0_332]
	at java.lang.reflect.Method.invoke(Method.java:498) ~[?:1.8.0_332]
	at org.junit.platform.commons.util.ReflectionUtils.invokeMethod(ReflectionUtils.java:728) ~[junit-platform-commons-1.10.0.jar:1.10.0]
	at org.junit.jupiter.engine.execution.MethodInvocation.proceed(MethodInvocation.java:60) ~[junit-jupiter-engine-5.10.0.jar:5.10.0]
	at org.junit.jupiter.engine.execution.InvocationInterceptorChain$ValidatingInvocation.proceed(InvocationInterceptorChain.java:131) ~[junit-jupiter-engine-5.10.0.jar:5.10.0]
	at org.junit.jupiter.engine.extension.TimeoutExtension.intercept(TimeoutExtension.java:156) ~[junit-jupiter-engine-5.10.0.jar:5.10.0]
	at org.junit.jupiter.engine.extension.TimeoutExtension.interceptTestableMethod(TimeoutExtension.java:147) ~[junit-jupiter-engine-5.10.0.jar:5.10.0]
	at org.junit.jupiter.engine.extension.TimeoutExtension.interceptTestMethod(TimeoutExtension.java:86) ~[junit-jupiter-engine-5.10.0.jar:5.10.0]
	at org.junit.jupiter.engine.execution.InterceptingExecutableInvoker$ReflectiveInterceptorCall.lambda$ofVoidMethod$0(InterceptingExecutableInvoker.java:103) ~[junit-jupiter-engine-5.10.0.jar:5.10.0]
	at org.junit.jupiter.engine.execution.InterceptingExecutableInvoker.lambda$invoke$0(InterceptingExecutableInvoker.java:93) ~[junit-jupiter-engine-5.10.0.jar:5.10.0]
	at org.junit.jupiter.engine.execution.InvocationInterceptorChain$InterceptedInvocation.proceed(InvocationInterceptorChain.java:106) ~[junit-jupiter-engine-5.10.0.jar:5.10.0]
	at org.junit.jupiter.engine.execution.InvocationInterceptorChain.proceed(InvocationInterceptorChain.java:64) ~[junit-jupiter-engine-5.10.0.jar:5.10.0]
	at org.junit.jupiter.engine.execution.InvocationInterceptorChain.chainAndInvoke(InvocationInterceptorChain.java:45) ~[junit-jupiter-engine-5.10.0.jar:5.10.0]
	at org.junit.jupiter.engine.execution.InvocationInterceptorChain.invoke(InvocationInterceptorChain.java:37) ~[junit-jupiter-engine-5.10.0.jar:5.10.0]
	at org.junit.jupiter.engine.execution.InterceptingExecutableInvoker.invoke(InterceptingExecutableInvoker.java:92) ~[junit-jupiter-engine-5.10.0.jar:5.10.0]
	at org.junit.jupiter.engine.execution.InterceptingExecutableInvoker.invoke(InterceptingExecutableInvoker.java:86) ~[junit-jupiter-engine-5.10.0.jar:5.10.0]
	at org.junit.jupiter.engine.descriptor.TestMethodTestDescriptor.lambda$invokeTestMethod$7(TestMethodTestDescriptor.java:218) ~[junit-jupiter-engine-5.10.0.jar:5.10.0]
	at org.junit.platform.engine.support.hierarchical.ThrowableCollector.execute(ThrowableCollector.java:73) ~[junit-platform-engine-1.10.0.jar:1.10.0]
	at org.junit.jupiter.engine.descriptor.TestMethodTestDescriptor.invokeTestMethod(TestMethodTestDescriptor.java:214) ~[junit-jupiter-engine-5.10.0.jar:5.10.0]
	at org.junit.jupiter.engine.descriptor.TestMethodTestDescriptor.execute(TestMethodTestDescriptor.java:139) ~[junit-jupiter-engine-5.10.0.jar:5.10.0]
	at org.junit.jupiter.engine.descriptor.TestMethodTestDescriptor.execute(TestMethodTestDescriptor.java:69) ~[junit-jupiter-engine-5.10.0.jar:5.10.0]
	at org.junit.platform.engine.support.hierarchical.NodeTestTask.lambda$executeRecursively$6(NodeTestTask.java:151) ~[junit-platform-engine-1.10.0.jar:1.10.0]
	at org.junit.platform.engine.support.hierarchical.ThrowableCollector.execute(ThrowableCollector.java:73) ~[junit-platform-engine-1.10.0.jar:1.10.0]
	at org.junit.platform.engine.support.hierarchical.NodeTestTask.lambda$executeRecursively$8(NodeTestTask.java:141) ~[junit-platform-engine-1.10.0.jar:1.10.0]
	at org.junit.platform.engine.support.hierarchical.Node.around(Node.java:137) ~[junit-platform-engine-1.10.0.jar:1.10.0]
	at org.junit.platform.engine.support.hierarchical.NodeTestTask.lambda$executeRecursively$9(NodeTestTask.java:139) ~[junit-platform-engine-1.10.0.jar:1.10.0]
	at org.junit.platform.engine.support.hierarchical.ThrowableCollector.execute(ThrowableCollector.java:73) ~[junit-platform-engine-1.10.0.jar:1.10.0]
	at org.junit.platform.engine.support.hierarchical.NodeTestTask.executeRecursively(NodeTestTask.java:138) ~[junit-platform-engine-1.10.0.jar:1.10.0]
	at org.junit.platform.engine.support.hierarchical.NodeTestTask.execute(NodeTestTask.java:95) ~[junit-platform-engine-1.10.0.jar:1.10.0]
	at java.util.ArrayList.forEach(ArrayList.java:1259) ~[?:1.8.0_332]
	at org.junit.platform.engine.support.hierarchical.SameThreadHierarchicalTestExecutorService.invokeAll(SameThreadHierarchicalTestExecutorService.java:41) ~[junit-platform-engine-1.10.0.jar:1.10.0]
	at org.junit.platform.engine.support.hierarchical.NodeTestTask.lambda$executeRecursively$6(NodeTestTask.java:155) ~[junit-platform-engine-1.10.0.jar:1.10.0]
	at org.junit.platform.engine.support.hierarchical.ThrowableCollector.execute(ThrowableCollector.java:73) ~[junit-platform-engine-1.10.0.jar:1.10.0]
	at org.junit.platform.engine.support.hierarchical.NodeTestTask.lambda$executeRecursively$8(NodeTestTask.java:141) ~[junit-platform-engine-1.10.0.jar:1.10.0]
	at org.junit.platform.engine.support.hierarchical.Node.around(Node.java:137) ~[junit-platform-engine-1.10.0.jar:1.10.0]
	at org.junit.platform.engine.support.hierarchical.NodeTestTask.lambda$executeRecursively$9(NodeTestTask.java:139) ~[junit-platform-engine-1.10.0.jar:1.10.0]
	at org.junit.platform.engine.support.hierarchical.ThrowableCollector.execute(ThrowableCollector.java:73) ~[junit-platform-engine-1.10.0.jar:1.10.0]
	at org.junit.platform.engine.support.hierarchical.NodeTestTask.executeRecursively(NodeTestTask.java:138) ~[junit-platform-engine-1.10.0.jar:1.10.0]
	at org.junit.platform.engine.support.hierarchical.NodeTestTask.execute(NodeTestTask.java:95) ~[junit-platform-engine-1.10.0.jar:1.10.0]
	at java.util.ArrayList.forEach(ArrayList.java:1259) ~[?:1.8.0_332]
	at org.junit.platform.engine.support.hierarchical.SameThreadHierarchicalTestExecutorService.invokeAll(SameThreadHierarchicalTestExecutorService.java:41) ~[junit-platform-engine-1.10.0.jar:1.10.0]
	at org.junit.platform.engine.support.hierarchical.NodeTestTask.lambda$executeRecursively$6(NodeTestTask.java:155) ~[junit-platform-engine-1.10.0.jar:1.10.0]
	at org.junit.platform.engine.support.hierarchical.ThrowableCollector.execute(ThrowableCollector.java:73) ~[junit-platform-engine-1.10.0.jar:1.10.0]
	at org.junit.platform.engine.support.hierarchical.NodeTestTask.lambda$executeRecursively$8(NodeTestTask.java:141) ~[junit-platform-engine-1.10.0.jar:1.10.0]
	at org.junit.platform.engine.support.hierarchical.Node.around(Node.java:137) ~[junit-platform-engine-1.10.0.jar:1.10.0]
	at org.junit.platform.engine.support.hierarchical.NodeTestTask.lambda$executeRecursively$9(NodeTestTask.java:139) ~[junit-platform-engine-1.10.0.jar:1.10.0]
	at org.junit.platform.engine.support.hierarchical.ThrowableCollector.execute(ThrowableCollector.java:73) ~[junit-platform-engine-1.10.0.jar:1.10.0]
	at org.junit.platform.engine.support.hierarchical.NodeTestTask.executeRecursively(NodeTestTask.java:138) ~[junit-platform-engine-1.10.0.jar:1.10.0]
	at org.junit.platform.engine.support.hierarchical.NodeTestTask.execute(NodeTestTask.java:95) ~[junit-platform-engine-1.10.0.jar:1.10.0]
	at org.junit.platform.engine.support.hierarchical.SameThreadHierarchicalTestExecutorService.submit(SameThreadHierarchicalTestExecutorService.java:35) ~[junit-platform-engine-1.10.0.jar:1.10.0]
	at org.junit.platform.engine.support.hierarchical.HierarchicalTestExecutor.execute(HierarchicalTestExecutor.java:57) ~[junit-platform-engine-1.10.0.jar:1.10.0]
	at org.junit.platform.engine.support.hierarchical.HierarchicalTestEngine.execute(HierarchicalTestEngine.java:54) ~[junit-platform-engine-1.10.0.jar:1.10.0]
	at org.junit.platform.launcher.core.EngineExecutionOrchestrator.execute(EngineExecutionOrchestrator.java:198) ~[junit-platform-launcher-1.10.0.jar:1.10.0]
	at org.junit.platform.launcher.core.EngineExecutionOrchestrator.execute(EngineExecutionOrchestrator.java:169) ~[junit-platform-launcher-1.10.0.jar:1.10.0]
	at org.junit.platform.launcher.core.EngineExecutionOrchestrator.execute(EngineExecutionOrchestrator.java:93) ~[junit-platform-launcher-1.10.0.jar:1.10.0]
	at org.junit.platform.launcher.core.EngineExecutionOrchestrator.lambda$execute$0(EngineExecutionOrchestrator.java:58) ~[junit-platform-launcher-1.10.0.jar:1.10.0]
	at org.junit.platform.launcher.core.EngineExecutionOrchestrator.withInterceptedStreams(EngineExecutionOrchestrator.java:141) [junit-platform-launcher-1.10.0.jar:1.10.0]
	at org.junit.platform.launcher.core.EngineExecutionOrchestrator.execute(EngineExecutionOrchestrator.java:57) [junit-platform-launcher-1.10.0.jar:1.10.0]
	at org.junit.platform.launcher.core.DefaultLauncher.execute(DefaultLauncher.java:103) [junit-platform-launcher-1.10.0.jar:1.10.0]
	at org.junit.platform.launcher.core.DefaultLauncher.execute(DefaultLauncher.java:85) [junit-platform-launcher-1.10.0.jar:1.10.0]
	at org.junit.platform.launcher.core.DelegatingLauncher.execute(DelegatingLauncher.java:47) [junit-platform-launcher-1.10.0.jar:1.10.0]
	at org.apache.maven.surefire.junitplatform.LazyLauncher.execute(LazyLauncher.java:56) [surefire-junit-platform-3.2.5.jar:3.2.5]
	at org.apache.maven.surefire.junitplatform.JUnitPlatformProvider.execute(JUnitPlatformProvider.java:184) [surefire-junit-platform-3.2.5.jar:3.2.5]
	at org.apache.maven.surefire.junitplatform.JUnitPlatformProvider.invokeAllTests(JUnitPlatformProvider.java:148) [surefire-junit-platform-3.2.5.jar:3.2.5]
	at org.apache.maven.surefire.junitplatform.JUnitPlatformProvider.invoke(JUnitPlatformProvider.java:122) [surefire-junit-platform-3.2.5.jar:3.2.5]
	at org.apache.maven.surefire.booter.ForkedBooter.runSuitesInProcess(ForkedBooter.java:385) [surefire-booter-3.2.5.jar:3.2.5]
	at org.apache.maven.surefire.booter.ForkedBooter.execute(ForkedBooter.java:162) [surefire-booter-3.2.5.jar:3.2.5]
	at org.apache.maven.surefire.booter.ForkedBooter.run(ForkedBooter.java:507) [surefire-booter-3.2.5.jar:3.2.5]
	at org.apache.maven.surefire.booter.ForkedBooter.main(ForkedBooter.java:495) [surefire-booter-3.2.5.jar:3.2.5]
[2025-07-22 17:46:43][DEBUG][org.springframework.web.servlet.mvc.method.annotation.ExceptionHandlerExceptionResolver] - Resolved [com.gpt.meetingnotes.common.exception.ApplicationException: S610] to ModelAndView [view="error/serviceError"; model={}]
[2025-07-22 17:46:43][DEBUG][org.springframework.test.web.servlet.TestDispatcherServlet] - Using resolved error view: ModelAndView [view="error/serviceError"; model={}]
[2025-07-22 17:46:43][DEBUG][org.springframework.web.servlet.view.JstlView] - View name 'error/serviceError', model {}
[2025-07-22 17:46:43][DEBUG][org.springframework.web.servlet.view.JstlView] - Forwarding to [/WEB-INF/views/error/serviceError.jsp]
[2025-07-22 17:46:43][DEBUG][org.springframework.mock.web.MockRequestDispatcher] - MockRequestDispatcher: forwarding to [/WEB-INF/views/error/serviceError.jsp]
[2025-07-22 17:46:43][DEBUG][org.springframework.test.web.servlet.TestDispatcherServlet] - Completed 200 OK
[2025-07-22 17:46:43][DEBUG][org.springframework.test.context.cache.DefaultCacheAwareContextLoaderDelegate] - Retrieved ApplicationContext [813823788] from cache with key [[WebMergedContextConfiguration@120d3fd testClass = TestWebControllerTest, locations = '{}', classes = '{class com.gpt.meetingnotes.summary.config.WebMvcTestConfig}', contextInitializerClasses = '[]', activeProfiles = '{}', propertySourceLocations = '{}', propertySourceProperties = '{}', contextCustomizers = set[[empty]], resourceBasePath = 'src/main/webapp', contextLoader = 'org.springframework.test.context.web.WebDelegatingSmartContextLoader', parent = [null]]]
[2025-07-22 17:46:43][DEBUG][org.springframework.test.context.cache] - Spring test ApplicationContext cache statistics: [DefaultContextCache@3eda0aeb size = 1, maxSize = 32, parentContextCount = 0, hitCount = 91, missCount = 1]
[2025-07-22 17:46:43][DEBUG][org.springframework.test.context.cache.DefaultCacheAwareContextLoaderDelegate] - Retrieved ApplicationContext [813823788] from cache with key [[WebMergedContextConfiguration@120d3fd testClass = TestWebControllerTest, locations = '{}', classes = '{class com.gpt.meetingnotes.summary.config.WebMvcTestConfig}', contextInitializerClasses = '[]', activeProfiles = '{}', propertySourceLocations = '{}', propertySourceProperties = '{}', contextCustomizers = set[[empty]], resourceBasePath = 'src/main/webapp', contextLoader = 'org.springframework.test.context.web.WebDelegatingSmartContextLoader', parent = [null]]]
[2025-07-22 17:46:43][DEBUG][org.springframework.test.context.cache] - Spring test ApplicationContext cache statistics: [DefaultContextCache@3eda0aeb size = 1, maxSize = 32, parentContextCount = 0, hitCount = 92, missCount = 1]
[2025-07-22 17:46:43][DEBUG][org.springframework.test.context.support.AbstractDirtiesContextTestExecutionListener] - After test method: context [DefaultTestContext@63a28987 testClass = TestWebControllerTest, testInstance = com.gpt.meetingnotes.summary.controller.TestWebControllerTest@2e17a321, testMethod = testApplicationExceptionView@TestWebControllerTest, testException = java.lang.AssertionError: Request attribute 'errorCode' expected:<SUMMARY_FAILED> but was:<S610>, mergedContextConfiguration = [WebMergedContextConfiguration@120d3fd testClass = TestWebControllerTest, locations = '{}', classes = '{class com.gpt.meetingnotes.summary.config.WebMvcTestConfig}', contextInitializerClasses = '[]', activeProfiles = '{}', propertySourceLocations = '{}', propertySourceProperties = '{}', contextCustomizers = set[[empty]], resourceBasePath = 'src/main/webapp', contextLoader = 'org.springframework.test.context.web.WebDelegatingSmartContextLoader', parent = [null]], attributes = map['org.springframework.test.context.web.ServletTestExecutionListener.populatedRequestContextHolder' -> true, 'org.springframework.test.context.web.ServletTestExecutionListener.resetRequestContextHolder' -> true, 'org.springframework.test.context.event.ApplicationEventsTestExecutionListener.recordApplicationEvents' -> false]], class annotated with @DirtiesContext [false] with mode [null], method annotated with @DirtiesContext [false] with mode [null].
[2025-07-22 17:46:43][DEBUG][org.springframework.test.context.web.ServletTestExecutionListener] - Resetting RequestContextHolder for test context [DefaultTestContext@63a28987 testClass = TestWebControllerTest, testInstance = com.gpt.meetingnotes.summary.controller.TestWebControllerTest@2e17a321, testMethod = testApplicationExceptionView@TestWebControllerTest, testException = java.lang.AssertionError: Request attribute 'errorCode' expected:<SUMMARY_FAILED> but was:<S610>, mergedContextConfiguration = [WebMergedContextConfiguration@120d3fd testClass = TestWebControllerTest, locations = '{}', classes = '{class com.gpt.meetingnotes.summary.config.WebMvcTestConfig}', contextInitializerClasses = '[]', activeProfiles = '{}', propertySourceLocations = '{}', propertySourceProperties = '{}', contextCustomizers = set[[empty]], resourceBasePath = 'src/main/webapp', contextLoader = 'org.springframework.test.context.web.WebDelegatingSmartContextLoader', parent = [null]], attributes = map['org.springframework.test.context.web.ServletTestExecutionListener.populatedRequestContextHolder' -> true, 'org.springframework.test.context.web.ServletTestExecutionListener.resetRequestContextHolder' -> true, 'org.springframework.test.context.event.ApplicationEventsTestExecutionListener.recordApplicationEvents' -> false]].
]]></system-out>
  </testcase>
</testsuite>